
=====
===== LOGGING STARTED Wed Sep 18 12:43:06 UTC 2013
=====
Exec: /usr/lib/riak/erts-5.9.1/bin/erlexec -boot /usr/lib/riak/releases/1.3.2/riak             -embedded -config /etc/riak/app.config             -pa /usr/lib/riak/lib/basho-patches             -args_file /etc/riak/vm.args -- console
Root: /usr/lib/riak
Erlang R15B01 (erts-5.9.1) [source] [64-bit] [smp:8:8] [async-threads:64] [kernel-poll:true]

Eshell V5.9.1  (abort with ^G)
(riak@192.168.1.5)1> 
===== ALIVE Wed Sep 18 12:58:09 UTC 2013

===== ALIVE Wed Sep 18 13:13:10 UTC 2013

===== ALIVE Wed Sep 18 13:28:10 UTC 2013

===== ALIVE Wed Sep 18 13:43:11 UTC 2013

===== ALIVE Wed Sep 18 13:58:11 UTC 2013

===== ALIVE Wed Sep 18 14:13:11 UTC 2013

===== ALIVE Wed Sep 18 14:28:12 UTC 2013

===== ALIVE Wed Sep 18 14:43:12 UTC 2013

===== ALIVE Wed Sep 18 14:58:12 UTC 2013

===== ALIVE Wed Sep 18 15:13:13 UTC 2013

===== ALIVE Wed Sep 18 15:28:13 UTC 2013

===== ALIVE Wed Sep 18 15:43:14 UTC 2013

===== ALIVE Wed Sep 18 15:58:14 UTC 2013

===== ALIVE Wed Sep 18 16:13:14 UTC 2013

===== ALIVE Wed Sep 18 16:28:14 UTC 2013

===== ALIVE Wed Sep 18 16:43:15 UTC 2013

===== ALIVE Wed Sep 18 16:58:15 UTC 2013

===== ALIVE Wed Sep 18 17:13:16 UTC 2013

===== ALIVE Wed Sep 18 17:28:16 UTC 2013

===== ALIVE Wed Sep 18 17:43:16 UTC 2013

===== ALIVE Wed Sep 18 17:58:17 UTC 2013

===== ALIVE Wed Sep 18 18:13:17 UTC 2013

===== ALIVE Wed Sep 18 18:28:17 UTC 2013

===== ALIVE Wed Sep 18 18:43:18 UTC 2013

===== ALIVE Wed Sep 18 18:58:18 UTC 2013

===== ALIVE Wed Sep 18 19:13:18 UTC 2013

===== ALIVE Wed Sep 18 19:28:19 UTC 2013

===== ALIVE Wed Sep 18 19:43:19 UTC 2013

===== ALIVE Wed Sep 18 19:58:20 UTC 2013

===== ALIVE Wed Sep 18 20:13:20 UTC 2013

===== ALIVE Wed Sep 18 20:28:21 UTC 2013

===== ALIVE Wed Sep 18 20:43:21 UTC 2013

===== ALIVE Wed Sep 18 20:58:21 UTC 2013

===== ALIVE Wed Sep 18 21:13:22 UTC 2013

===== ALIVE Wed Sep 18 21:28:22 UTC 2013

===== ALIVE Wed Sep 18 21:43:22 UTC 2013

===== ALIVE Wed Sep 18 21:58:23 UTC 2013

===== ALIVE Wed Sep 18 22:13:23 UTC 2013

===== ALIVE Wed Sep 18 22:28:23 UTC 2013

===== ALIVE Wed Sep 18 22:43:23 UTC 2013

===== ALIVE Wed Sep 18 22:58:24 UTC 2013

===== ALIVE Wed Sep 18 23:13:24 UTC 2013

===== ALIVE Wed Sep 18 23:28:24 UTC 2013

===== ALIVE Wed Sep 18 23:43:25 UTC 2013

===== ALIVE Wed Sep 18 23:58:25 UTC 2013

===== ALIVE Thu Sep 19 00:13:26 UTC 2013

===== ALIVE Thu Sep 19 00:28:26 UTC 2013

===== ALIVE Thu Sep 19 00:43:26 UTC 2013

===== ALIVE Thu Sep 19 00:58:26 UTC 2013

===== ALIVE Thu Sep 19 01:13:27 UTC 2013

===== ALIVE Thu Sep 19 01:28:27 UTC 2013

===== ALIVE Thu Sep 19 01:43:27 UTC 2013

===== ALIVE Thu Sep 19 01:58:28 UTC 2013

===== ALIVE Thu Sep 19 02:13:28 UTC 2013

===== ALIVE Thu Sep 19 02:28:28 UTC 2013

===== ALIVE Thu Sep 19 02:43:28 UTC 2013

===== ALIVE Thu Sep 19 02:58:29 UTC 2013

===== ALIVE Thu Sep 19 03:13:29 UTC 2013

===== ALIVE Thu Sep 19 03:28:29 UTC 2013

===== ALIVE Thu Sep 19 03:43:30 UTC 2013

===== ALIVE Thu Sep 19 03:58:30 UTC 2013

===== ALIVE Thu Sep 19 04:13:30 UTC 2013

===== ALIVE Thu Sep 19 04:28:31 UTC 2013

===== ALIVE Thu Sep 19 04:43:31 UTC 2013

===== ALIVE Thu Sep 19 04:58:31 UTC 2013

===== ALIVE Thu Sep 19 05:13:32 UTC 2013

===== ALIVE Thu Sep 19 05:28:33 UTC 2013

===== ALIVE Thu Sep 19 05:43:33 UTC 2013

===== ALIVE Thu Sep 19 05:58:33 UTC 2013

===== ALIVE Thu Sep 19 06:13:34 UTC 2013

===== ALIVE Thu Sep 19 06:28:34 UTC 2013

===== ALIVE Thu Sep 19 06:43:34 UTC 2013

===== ALIVE Thu Sep 19 06:58:35 UTC 2013

===== ALIVE Thu Sep 19 07:13:35 UTC 2013

===== ALIVE Thu Sep 19 07:28:35 UTC 2013

===== ALIVE Thu Sep 19 07:43:36 UTC 2013

===== ALIVE Thu Sep 19 07:58:36 UTC 2013

===== ALIVE Thu Sep 19 08:13:37 UTC 2013

===== ALIVE Thu Sep 19 08:28:37 UTC 2013

===== ALIVE Thu Sep 19 08:43:37 UTC 2013

===== ALIVE Thu Sep 19 08:58:38 UTC 2013

===== ALIVE Thu Sep 19 09:13:38 UTC 2013

===== ALIVE Thu Sep 19 09:28:38 UTC 2013

===== ALIVE Thu Sep 19 09:43:38 UTC 2013

===== ALIVE Thu Sep 19 09:58:38 UTC 2013

===== ALIVE Thu Sep 19 10:13:39 UTC 2013

===== ALIVE Thu Sep 19 10:28:39 UTC 2013

===== ALIVE Thu Sep 19 10:43:39 UTC 2013

===== ALIVE Thu Sep 19 10:58:39 UTC 2013

===== ALIVE Thu Sep 19 11:13:40 UTC 2013

===== ALIVE Thu Sep 19 11:28:41 UTC 2013

===== ALIVE Thu Sep 19 11:43:42 UTC 2013

===== ALIVE Thu Sep 19 11:58:43 UTC 2013

===== ALIVE Thu Sep 19 12:13:43 UTC 2013

===== ALIVE Thu Sep 19 12:28:43 UTC 2013

===== ALIVE Thu Sep 19 12:43:44 UTC 2013

===== ALIVE Thu Sep 19 12:58:44 UTC 2013

===== ALIVE Thu Sep 19 13:13:44 UTC 2013

===== ALIVE Thu Sep 19 13:28:45 UTC 2013

===== ALIVE Thu Sep 19 13:43:45 UTC 2013

===== ALIVE Thu Sep 19 13:58:46 UTC 2013

===== ALIVE Thu Sep 19 14:13:46 UTC 2013

===== ALIVE Thu Sep 19 14:28:46 UTC 2013

===== ALIVE Thu Sep 19 14:43:47 UTC 2013

===== ALIVE Thu Sep 19 14:58:47 UTC 2013

===== ALIVE Thu Sep 19 15:13:47 UTC 2013

===== ALIVE Thu Sep 19 15:28:48 UTC 2013

===== ALIVE Thu Sep 19 15:43:48 UTC 2013

===== ALIVE Thu Sep 19 15:58:48 UTC 2013

===== ALIVE Thu Sep 19 16:13:48 UTC 2013

===== ALIVE Thu Sep 19 16:28:49 UTC 2013

===== ALIVE Thu Sep 19 16:43:49 UTC 2013

===== ALIVE Thu Sep 19 16:58:50 UTC 2013

===== ALIVE Thu Sep 19 17:13:50 UTC 2013

===== ALIVE Thu Sep 19 17:28:51 UTC 2013

===== ALIVE Thu Sep 19 17:43:51 UTC 2013

===== ALIVE Thu Sep 19 17:58:52 UTC 2013

===== ALIVE Thu Sep 19 18:13:52 UTC 2013

===== ALIVE Thu Sep 19 18:28:52 UTC 2013

===== ALIVE Thu Sep 19 18:43:53 UTC 2013

===== ALIVE Thu Sep 19 18:58:53 UTC 2013

===== ALIVE Thu Sep 19 19:13:53 UTC 2013

===== ALIVE Thu Sep 19 19:28:54 UTC 2013

===== ALIVE Thu Sep 19 19:43:54 UTC 2013

===== ALIVE Thu Sep 19 19:58:54 UTC 2013

===== ALIVE Thu Sep 19 20:13:54 UTC 2013

===== ALIVE Thu Sep 19 20:28:55 UTC 2013

===== ALIVE Thu Sep 19 20:43:55 UTC 2013

===== ALIVE Thu Sep 19 20:58:55 UTC 2013

===== ALIVE Thu Sep 19 21:13:55 UTC 2013

===== ALIVE Thu Sep 19 21:28:56 UTC 2013

===== ALIVE Thu Sep 19 21:43:56 UTC 2013

===== ALIVE Thu Sep 19 21:58:57 UTC 2013

===== ALIVE Thu Sep 19 22:13:57 UTC 2013

===== ALIVE Thu Sep 19 22:28:57 UTC 2013

===== ALIVE Thu Sep 19 22:43:57 UTC 2013

===== ALIVE Thu Sep 19 22:58:58 UTC 2013

===== ALIVE Thu Sep 19 23:13:58 UTC 2013

===== ALIVE Thu Sep 19 23:28:58 UTC 2013

===== ALIVE Thu Sep 19 23:43:58 UTC 2013

===== ALIVE Thu Sep 19 23:58:59 UTC 2013

===== ALIVE Fri Sep 20 00:13:59 UTC 2013

===== ALIVE Fri Sep 20 00:28:59 UTC 2013

===== ALIVE Fri Sep 20 00:44:00 UTC 2013

===== ALIVE Fri Sep 20 00:59:00 UTC 2013

===== ALIVE Fri Sep 20 01:14:01 UTC 2013

===== ALIVE Fri Sep 20 01:29:01 UTC 2013

===== ALIVE Fri Sep 20 01:44:02 UTC 2013

===== ALIVE Fri Sep 20 01:59:02 UTC 2013

===== ALIVE Fri Sep 20 02:14:02 UTC 2013

===== ALIVE Fri Sep 20 02:29:03 UTC 2013

===== ALIVE Fri Sep 20 02:44:03 UTC 2013

===== ALIVE Fri Sep 20 02:59:03 UTC 2013

===== ALIVE Fri Sep 20 03:14:04 UTC 2013

===== ALIVE Fri Sep 20 03:29:04 UTC 2013

===== ALIVE Fri Sep 20 03:44:05 UTC 2013

===== ALIVE Fri Sep 20 03:59:05 UTC 2013

===== ALIVE Fri Sep 20 04:14:05 UTC 2013

===== ALIVE Fri Sep 20 04:29:06 UTC 2013

===== ALIVE Fri Sep 20 04:44:06 UTC 2013

===== ALIVE Fri Sep 20 04:59:07 UTC 2013

===== ALIVE Fri Sep 20 05:14:07 UTC 2013

===== ALIVE Fri Sep 20 05:29:07 UTC 2013

===== ALIVE Fri Sep 20 05:44:07 UTC 2013

===== ALIVE Fri Sep 20 05:59:08 UTC 2013

===== ALIVE Fri Sep 20 06:14:08 UTC 2013

===== ALIVE Fri Sep 20 06:29:08 UTC 2013

===== ALIVE Fri Sep 20 06:44:08 UTC 2013

===== ALIVE Fri Sep 20 06:59:08 UTC 2013

===== ALIVE Fri Sep 20 07:14:09 UTC 2013

===== ALIVE Fri Sep 20 07:29:09 UTC 2013

===== ALIVE Fri Sep 20 07:44:09 UTC 2013

===== ALIVE Fri Sep 20 07:59:09 UTC 2013

===== ALIVE Fri Sep 20 08:14:09 UTC 2013

===== ALIVE Fri Sep 20 08:29:10 UTC 2013

===== ALIVE Fri Sep 20 08:44:10 UTC 2013

===== ALIVE Fri Sep 20 08:59:11 UTC 2013

===== ALIVE Fri Sep 20 09:14:11 UTC 2013

===== ALIVE Fri Sep 20 09:29:11 UTC 2013

===== ALIVE Fri Sep 20 09:44:12 UTC 2013

===== ALIVE Fri Sep 20 09:59:12 UTC 2013

===== ALIVE Fri Sep 20 10:14:13 UTC 2013

===== ALIVE Fri Sep 20 10:29:13 UTC 2013

===== ALIVE Fri Sep 20 10:44:13 UTC 2013

===== ALIVE Fri Sep 20 10:59:13 UTC 2013

===== ALIVE Fri Sep 20 11:14:14 UTC 2013

===== ALIVE Fri Sep 20 11:29:14 UTC 2013

===== ALIVE Fri Sep 20 11:44:14 UTC 2013

===== ALIVE Fri Sep 20 11:59:15 UTC 2013

===== ALIVE Fri Sep 20 12:14:15 UTC 2013

===== ALIVE Fri Sep 20 12:29:16 UTC 2013

===== ALIVE Fri Sep 20 12:44:17 UTC 2013

===== ALIVE Fri Sep 20 12:59:17 UTC 2013

===== ALIVE Fri Sep 20 13:14:18 UTC 2013

===== ALIVE Fri Sep 20 13:29:18 UTC 2013

===== ALIVE Fri Sep 20 13:44:19 UTC 2013

===== ALIVE Fri Sep 20 13:59:19 UTC 2013

===== ALIVE Fri Sep 20 14:14:20 UTC 2013

===== ALIVE Fri Sep 20 14:29:20 UTC 2013

===== ALIVE Fri Sep 20 14:44:21 UTC 2013

===== ALIVE Fri Sep 20 14:59:21 UTC 2013

===== ALIVE Fri Sep 20 15:14:21 UTC 2013

===== ALIVE Fri Sep 20 15:29:22 UTC 2013

===== ALIVE Fri Sep 20 15:44:22 UTC 2013

===== ALIVE Fri Sep 20 15:59:22 UTC 2013

===== ALIVE Fri Sep 20 16:14:23 UTC 2013

===== ALIVE Fri Sep 20 16:29:23 UTC 2013

===== ALIVE Fri Sep 20 16:44:23 UTC 2013

===== ALIVE Fri Sep 20 16:59:24 UTC 2013

===== ALIVE Fri Sep 20 17:14:24 UTC 2013

===== ALIVE Fri Sep 20 17:29:25 UTC 2013

===== ALIVE Fri Sep 20 17:44:25 UTC 2013

===== ALIVE Fri Sep 20 17:59:26 UTC 2013

===== ALIVE Fri Sep 20 18:14:26 UTC 2013

===== ALIVE Fri Sep 20 18:29:26 UTC 2013

===== ALIVE Fri Sep 20 18:44:26 UTC 2013

===== ALIVE Fri Sep 20 18:59:27 UTC 2013

===== ALIVE Fri Sep 20 19:14:27 UTC 2013

===== ALIVE Fri Sep 20 19:29:28 UTC 2013

===== ALIVE Fri Sep 20 19:44:28 UTC 2013

===== ALIVE Fri Sep 20 19:59:28 UTC 2013

===== ALIVE Fri Sep 20 20:14:29 UTC 2013

===== ALIVE Fri Sep 20 20:29:29 UTC 2013

===== ALIVE Fri Sep 20 20:44:29 UTC 2013

===== ALIVE Fri Sep 20 20:59:29 UTC 2013

===== ALIVE Fri Sep 20 21:14:30 UTC 2013

===== ALIVE Fri Sep 20 21:29:30 UTC 2013

===== ALIVE Fri Sep 20 21:44:31 UTC 2013

===== ALIVE Fri Sep 20 21:59:31 UTC 2013

===== ALIVE Fri Sep 20 22:14:31 UTC 2013

===== ALIVE Fri Sep 20 22:29:32 UTC 2013

===== ALIVE Fri Sep 20 22:44:32 UTC 2013

===== ALIVE Fri Sep 20 22:59:33 UTC 2013

===== ALIVE Fri Sep 20 23:14:33 UTC 2013

===== ALIVE Fri Sep 20 23:29:33 UTC 2013

===== ALIVE Fri Sep 20 23:44:34 UTC 2013

===== ALIVE Fri Sep 20 23:59:35 UTC 2013

===== ALIVE Sat Sep 21 00:14:35 UTC 2013

===== ALIVE Sat Sep 21 00:29:35 UTC 2013

===== ALIVE Sat Sep 21 00:44:36 UTC 2013

===== ALIVE Sat Sep 21 00:59:36 UTC 2013

===== ALIVE Sat Sep 21 01:14:36 UTC 2013

===== ALIVE Sat Sep 21 01:29:37 UTC 2013

===== ALIVE Sat Sep 21 01:44:37 UTC 2013

===== ALIVE Sat Sep 21 01:59:37 UTC 2013

===== ALIVE Sat Sep 21 02:14:38 UTC 2013

===== ALIVE Sat Sep 21 02:29:38 UTC 2013

===== ALIVE Sat Sep 21 02:44:38 UTC 2013

===== ALIVE Sat Sep 21 02:59:39 UTC 2013

===== ALIVE Sat Sep 21 03:14:39 UTC 2013

===== ALIVE Sat Sep 21 03:29:40 UTC 2013

===== ALIVE Sat Sep 21 03:44:40 UTC 2013

===== ALIVE Sat Sep 21 03:59:41 UTC 2013

===== ALIVE Sat Sep 21 04:14:41 UTC 2013

===== ALIVE Sat Sep 21 04:29:41 UTC 2013

===== ALIVE Sat Sep 21 04:44:41 UTC 2013

===== ALIVE Sat Sep 21 04:59:42 UTC 2013

===== ALIVE Sat Sep 21 05:14:42 UTC 2013

===== ALIVE Sat Sep 21 05:29:43 UTC 2013

===== ALIVE Sat Sep 21 05:44:43 UTC 2013

===== ALIVE Sat Sep 21 05:59:44 UTC 2013

===== ALIVE Sat Sep 21 06:14:44 UTC 2013

===== ALIVE Sat Sep 21 06:29:44 UTC 2013

===== ALIVE Sat Sep 21 06:44:44 UTC 2013

===== ALIVE Sat Sep 21 06:59:45 UTC 2013

===== ALIVE Sat Sep 21 07:14:45 UTC 2013

===== ALIVE Sat Sep 21 07:29:46 UTC 2013

===== ALIVE Sat Sep 21 07:44:46 UTC 2013

===== ALIVE Sat Sep 21 07:59:46 UTC 2013

===== ALIVE Sat Sep 21 08:14:46 UTC 2013

===== ALIVE Sat Sep 21 08:29:46 UTC 2013

===== ALIVE Sat Sep 21 08:44:47 UTC 2013

===== ALIVE Sat Sep 21 08:59:47 UTC 2013

===== ALIVE Sat Sep 21 09:14:47 UTC 2013

===== ALIVE Sat Sep 21 09:29:48 UTC 2013

===== ALIVE Sat Sep 21 09:44:48 UTC 2013

===== ALIVE Sat Sep 21 09:59:48 UTC 2013

===== ALIVE Sat Sep 21 10:14:49 UTC 2013

===== ALIVE Sat Sep 21 10:29:49 UTC 2013

===== ALIVE Sat Sep 21 10:44:50 UTC 2013

===== ALIVE Sat Sep 21 10:59:50 UTC 2013

===== ALIVE Sat Sep 21 11:14:51 UTC 2013

===== ALIVE Sat Sep 21 11:29:51 UTC 2013

===== ALIVE Sat Sep 21 11:44:51 UTC 2013

===== ALIVE Sat Sep 21 11:59:51 UTC 2013

===== ALIVE Sat Sep 21 12:14:52 UTC 2013

===== ALIVE Sat Sep 21 12:29:52 UTC 2013

===== ALIVE Sat Sep 21 12:44:52 UTC 2013

===== ALIVE Sat Sep 21 12:59:52 UTC 2013

===== ALIVE Sat Sep 21 13:14:52 UTC 2013

===== ALIVE Sat Sep 21 13:29:53 UTC 2013

===== ALIVE Sat Sep 21 13:44:53 UTC 2013

===== ALIVE Sat Sep 21 13:59:53 UTC 2013

===== ALIVE Sat Sep 21 14:14:53 UTC 2013

===== ALIVE Sat Sep 21 14:29:54 UTC 2013

===== ALIVE Sat Sep 21 14:44:54 UTC 2013

===== ALIVE Sat Sep 21 14:59:55 UTC 2013

===== ALIVE Sat Sep 21 15:14:55 UTC 2013

===== ALIVE Sat Sep 21 15:29:56 UTC 2013

===== ALIVE Sat Sep 21 15:44:56 UTC 2013

===== ALIVE Sat Sep 21 15:59:57 UTC 2013

===== ALIVE Sat Sep 21 16:14:57 UTC 2013

===== ALIVE Sat Sep 21 16:29:57 UTC 2013

===== ALIVE Sat Sep 21 16:44:57 UTC 2013

===== ALIVE Sat Sep 21 16:59:58 UTC 2013

===== ALIVE Sat Sep 21 17:14:58 UTC 2013

===== ALIVE Sat Sep 21 17:29:58 UTC 2013

===== ALIVE Sat Sep 21 17:44:58 UTC 2013

===== ALIVE Sat Sep 21 17:59:58 UTC 2013

===== ALIVE Sat Sep 21 18:14:58 UTC 2013

===== ALIVE Sat Sep 21 18:29:59 UTC 2013

===== ALIVE Sat Sep 21 18:44:59 UTC 2013

===== ALIVE Sat Sep 21 19:00:00 UTC 2013

===== ALIVE Sat Sep 21 19:15:00 UTC 2013

===== ALIVE Sat Sep 21 19:30:00 UTC 2013

===== ALIVE Sat Sep 21 19:45:01 UTC 2013

===== ALIVE Sat Sep 21 20:00:02 UTC 2013

===== ALIVE Sat Sep 21 20:15:02 UTC 2013

===== ALIVE Sat Sep 21 20:30:03 UTC 2013

===== ALIVE Sat Sep 21 20:45:03 UTC 2013

===== ALIVE Sat Sep 21 21:00:04 UTC 2013

===== ALIVE Sat Sep 21 21:15:04 UTC 2013

===== ALIVE Sat Sep 21 21:30:05 UTC 2013

===== ALIVE Sat Sep 21 21:45:05 UTC 2013

===== ALIVE Sat Sep 21 22:00:05 UTC 2013

===== ALIVE Sat Sep 21 22:15:06 UTC 2013

===== ALIVE Sat Sep 21 22:30:06 UTC 2013

===== ALIVE Sat Sep 21 22:45:06 UTC 2013

===== ALIVE Sat Sep 21 23:00:07 UTC 2013

===== ALIVE Sat Sep 21 23:15:07 UTC 2013

===== ALIVE Sat Sep 21 23:30:08 UTC 2013

===== ALIVE Sat Sep 21 23:45:08 UTC 2013

===== ALIVE Sun Sep 22 00:00:08 UTC 2013

===== ALIVE Sun Sep 22 00:15:08 UTC 2013

===== ALIVE Sun Sep 22 00:30:08 UTC 2013

===== ALIVE Sun Sep 22 00:45:09 UTC 2013

===== ALIVE Sun Sep 22 01:00:09 UTC 2013

===== ALIVE Sun Sep 22 01:15:09 UTC 2013

===== ALIVE Sun Sep 22 01:30:10 UTC 2013

===== ALIVE Sun Sep 22 01:45:10 UTC 2013

===== ALIVE Sun Sep 22 02:00:11 UTC 2013

===== ALIVE Sun Sep 22 02:15:11 UTC 2013

===== ALIVE Sun Sep 22 02:30:12 UTC 2013

===== ALIVE Sun Sep 22 02:45:12 UTC 2013

===== ALIVE Sun Sep 22 03:00:12 UTC 2013

===== ALIVE Sun Sep 22 03:15:12 UTC 2013

===== ALIVE Sun Sep 22 03:30:13 UTC 2013

===== ALIVE Sun Sep 22 03:45:13 UTC 2013

===== ALIVE Sun Sep 22 04:00:14 UTC 2013

===== ALIVE Sun Sep 22 04:15:14 UTC 2013

===== ALIVE Sun Sep 22 04:30:14 UTC 2013

===== ALIVE Sun Sep 22 04:45:15 UTC 2013

===== ALIVE Sun Sep 22 05:00:15 UTC 2013

===== ALIVE Sun Sep 22 05:15:16 UTC 2013

===== ALIVE Sun Sep 22 05:30:16 UTC 2013

===== ALIVE Sun Sep 22 05:45:16 UTC 2013

===== ALIVE Sun Sep 22 06:00:17 UTC 2013

===== ALIVE Sun Sep 22 06:15:17 UTC 2013

===== ALIVE Sun Sep 22 06:30:17 UTC 2013

===== ALIVE Sun Sep 22 06:45:17 UTC 2013

===== ALIVE Sun Sep 22 07:00:18 UTC 2013

===== ALIVE Sun Sep 22 07:15:18 UTC 2013

===== ALIVE Sun Sep 22 07:30:18 UTC 2013

===== ALIVE Sun Sep 22 07:45:18 UTC 2013

===== ALIVE Sun Sep 22 08:00:19 UTC 2013

===== ALIVE Sun Sep 22 08:15:20 UTC 2013

===== ALIVE Sun Sep 22 08:30:20 UTC 2013

===== ALIVE Sun Sep 22 08:45:20 UTC 2013

===== ALIVE Sun Sep 22 09:00:21 UTC 2013

===== ALIVE Sun Sep 22 09:15:21 UTC 2013

===== ALIVE Sun Sep 22 09:30:21 UTC 2013

===== ALIVE Sun Sep 22 09:45:22 UTC 2013

===== ALIVE Sun Sep 22 10:00:22 UTC 2013

===== ALIVE Sun Sep 22 10:15:23 UTC 2013

===== ALIVE Sun Sep 22 10:30:23 UTC 2013

===== ALIVE Sun Sep 22 10:45:23 UTC 2013

===== ALIVE Sun Sep 22 11:00:24 UTC 2013

===== ALIVE Sun Sep 22 11:15:24 UTC 2013

===== ALIVE Sun Sep 22 11:30:24 UTC 2013

===== ALIVE Sun Sep 22 11:45:25 UTC 2013

===== ALIVE Sun Sep 22 12:00:25 UTC 2013

===== ALIVE Sun Sep 22 12:15:25 UTC 2013

===== ALIVE Sun Sep 22 12:30:26 UTC 2013

===== ALIVE Sun Sep 22 12:45:26 UTC 2013

===== ALIVE Sun Sep 22 13:00:27 UTC 2013

===== ALIVE Sun Sep 22 13:15:28 UTC 2013

===== ALIVE Sun Sep 22 13:30:28 UTC 2013

===== ALIVE Sun Sep 22 13:45:28 UTC 2013

===== ALIVE Sun Sep 22 14:00:28 UTC 2013

===== ALIVE Sun Sep 22 14:15:29 UTC 2013

===== ALIVE Sun Sep 22 14:30:29 UTC 2013

===== ALIVE Sun Sep 22 14:45:30 UTC 2013

===== ALIVE Sun Sep 22 15:00:30 UTC 2013

===== ALIVE Sun Sep 22 15:15:30 UTC 2013

===== ALIVE Sun Sep 22 15:30:31 UTC 2013

===== ALIVE Sun Sep 22 15:45:31 UTC 2013

===== ALIVE Sun Sep 22 16:00:31 UTC 2013

===== ALIVE Sun Sep 22 16:15:31 UTC 2013

===== ALIVE Sun Sep 22 16:30:32 UTC 2013

===== ALIVE Sun Sep 22 16:45:32 UTC 2013

===== ALIVE Sun Sep 22 17:00:32 UTC 2013

===== ALIVE Sun Sep 22 17:15:32 UTC 2013

===== ALIVE Sun Sep 22 17:30:33 UTC 2013

===== ALIVE Sun Sep 22 17:45:33 UTC 2013

===== ALIVE Sun Sep 22 18:00:33 UTC 2013

===== ALIVE Sun Sep 22 18:15:33 UTC 2013

===== ALIVE Sun Sep 22 18:30:33 UTC 2013

===== ALIVE Sun Sep 22 18:45:34 UTC 2013

===== ALIVE Sun Sep 22 19:00:34 UTC 2013

===== ALIVE Sun Sep 22 19:15:35 UTC 2013

===== ALIVE Sun Sep 22 19:30:35 UTC 2013

===== ALIVE Sun Sep 22 19:45:36 UTC 2013

===== ALIVE Sun Sep 22 20:00:36 UTC 2013

===== ALIVE Sun Sep 22 20:15:36 UTC 2013

===== ALIVE Sun Sep 22 20:30:37 UTC 2013

===== ALIVE Sun Sep 22 20:45:37 UTC 2013

===== ALIVE Sun Sep 22 21:00:37 UTC 2013

===== ALIVE Sun Sep 22 21:15:38 UTC 2013

===== ALIVE Sun Sep 22 21:30:38 UTC 2013

===== ALIVE Sun Sep 22 21:45:38 UTC 2013

===== ALIVE Sun Sep 22 22:00:39 UTC 2013

===== ALIVE Sun Sep 22 22:15:39 UTC 2013

===== ALIVE Sun Sep 22 22:30:39 UTC 2013

===== ALIVE Sun Sep 22 22:45:40 UTC 2013

===== ALIVE Sun Sep 22 23:00:40 UTC 2013

===== ALIVE Sun Sep 22 23:15:40 UTC 2013

===== ALIVE Sun Sep 22 23:30:40 UTC 2013

===== ALIVE Sun Sep 22 23:45:40 UTC 2013

===== ALIVE Mon Sep 23 00:00:40 UTC 2013

===== ALIVE Mon Sep 23 00:15:41 UTC 2013

===== ALIVE Mon Sep 23 00:30:41 UTC 2013

===== ALIVE Mon Sep 23 00:45:42 UTC 2013

===== ALIVE Mon Sep 23 01:00:42 UTC 2013

===== ALIVE Mon Sep 23 01:15:42 UTC 2013

===== ALIVE Mon Sep 23 01:30:42 UTC 2013

===== ALIVE Mon Sep 23 01:45:43 UTC 2013

===== ALIVE Mon Sep 23 02:00:43 UTC 2013

===== ALIVE Mon Sep 23 02:15:43 UTC 2013

===== ALIVE Mon Sep 23 02:30:43 UTC 2013

===== ALIVE Mon Sep 23 02:45:44 UTC 2013

===== ALIVE Mon Sep 23 03:00:44 UTC 2013

===== ALIVE Mon Sep 23 03:15:44 UTC 2013

===== ALIVE Mon Sep 23 03:30:44 UTC 2013

===== ALIVE Mon Sep 23 03:45:45 UTC 2013

===== ALIVE Mon Sep 23 04:00:45 UTC 2013

===== ALIVE Mon Sep 23 04:15:45 UTC 2013

===== ALIVE Mon Sep 23 04:30:46 UTC 2013

===== ALIVE Mon Sep 23 04:45:46 UTC 2013

===== ALIVE Mon Sep 23 05:00:46 UTC 2013

===== ALIVE Mon Sep 23 05:15:47 UTC 2013

===== ALIVE Mon Sep 23 05:30:47 UTC 2013

===== ALIVE Mon Sep 23 05:45:47 UTC 2013

===== ALIVE Mon Sep 23 06:00:47 UTC 2013

===== ALIVE Mon Sep 23 06:15:48 UTC 2013

===== ALIVE Mon Sep 23 06:30:48 UTC 2013

===== ALIVE Mon Sep 23 06:45:48 UTC 2013

===== ALIVE Mon Sep 23 07:00:48 UTC 2013

===== ALIVE Mon Sep 23 07:15:48 UTC 2013

===== ALIVE Mon Sep 23 07:30:49 UTC 2013

===== ALIVE Mon Sep 23 07:45:49 UTC 2013

===== ALIVE Mon Sep 23 08:00:49 UTC 2013

===== ALIVE Mon Sep 23 08:15:50 UTC 2013

===== ALIVE Mon Sep 23 08:30:50 UTC 2013

===== ALIVE Mon Sep 23 08:45:50 UTC 2013

===== ALIVE Mon Sep 23 09:00:50 UTC 2013

===== ALIVE Mon Sep 23 09:15:50 UTC 2013

===== ALIVE Mon Sep 23 09:30:50 UTC 2013

===== ALIVE Mon Sep 23 09:45:51 UTC 2013

===== ALIVE Mon Sep 23 10:00:52 UTC 2013

===== ALIVE Mon Sep 23 10:15:52 UTC 2013

===== ALIVE Mon Sep 23 10:30:52 UTC 2013

===== ALIVE Mon Sep 23 10:45:52 UTC 2013

===== ALIVE Mon Sep 23 11:00:53 UTC 2013

===== ALIVE Mon Sep 23 11:15:53 UTC 2013

===== ALIVE Mon Sep 23 11:30:54 UTC 2013

===== ALIVE Mon Sep 23 11:45:54 UTC 2013

===== ALIVE Mon Sep 23 12:00:54 UTC 2013

===== ALIVE Mon Sep 23 12:15:55 UTC 2013

===== ALIVE Mon Sep 23 12:30:55 UTC 2013

===== ALIVE Mon Sep 23 12:45:56 UTC 2013

===== ALIVE Mon Sep 23 13:00:56 UTC 2013

===== ALIVE Mon Sep 23 13:15:57 UTC 2013

===== ALIVE Mon Sep 23 13:30:57 UTC 2013

===== ALIVE Mon Sep 23 13:45:57 UTC 2013

===== ALIVE Mon Sep 23 14:00:57 UTC 2013

===== ALIVE Mon Sep 23 14:15:58 UTC 2013

===== ALIVE Mon Sep 23 14:30:58 UTC 2013

===== ALIVE Mon Sep 23 14:45:58 UTC 2013

===== ALIVE Mon Sep 23 15:00:59 UTC 2013

===== ALIVE Mon Sep 23 15:15:59 UTC 2013

===== ALIVE Mon Sep 23 15:31:00 UTC 2013

===== ALIVE Mon Sep 23 15:46:00 UTC 2013

===== ALIVE Mon Sep 23 16:01:01 UTC 2013

===== ALIVE Mon Sep 23 16:16:02 UTC 2013

===== ALIVE Mon Sep 23 16:31:02 UTC 2013

===== ALIVE Mon Sep 23 16:46:02 UTC 2013

===== ALIVE Mon Sep 23 17:01:02 UTC 2013

===== ALIVE Mon Sep 23 17:16:03 UTC 2013

===== ALIVE Mon Sep 23 17:31:03 UTC 2013

===== ALIVE Mon Sep 23 17:46:03 UTC 2013

===== ALIVE Mon Sep 23 18:01:04 UTC 2013

===== ALIVE Mon Sep 23 18:16:04 UTC 2013

===== ALIVE Mon Sep 23 18:31:04 UTC 2013

===== ALIVE Mon Sep 23 18:46:05 UTC 2013

===== ALIVE Mon Sep 23 19:01:06 UTC 2013

===== ALIVE Mon Sep 23 19:16:06 UTC 2013

===== ALIVE Mon Sep 23 19:31:07 UTC 2013

===== ALIVE Mon Sep 23 19:46:07 UTC 2013

===== ALIVE Mon Sep 23 20:01:07 UTC 2013

===== ALIVE Mon Sep 23 20:16:08 UTC 2013

===== ALIVE Mon Sep 23 20:31:08 UTC 2013

===== ALIVE Mon Sep 23 20:46:09 UTC 2013

===== ALIVE Mon Sep 23 21:01:09 UTC 2013

===== ALIVE Mon Sep 23 21:16:09 UTC 2013

===== ALIVE Mon Sep 23 21:31:10 UTC 2013

===== ALIVE Mon Sep 23 21:46:10 UTC 2013

===== ALIVE Mon Sep 23 22:01:10 UTC 2013

===== ALIVE Mon Sep 23 22:16:11 UTC 2013

===== ALIVE Mon Sep 23 22:31:11 UTC 2013

===== ALIVE Mon Sep 23 22:46:12 UTC 2013

===== ALIVE Mon Sep 23 23:01:12 UTC 2013

===== ALIVE Mon Sep 23 23:16:12 UTC 2013

===== ALIVE Mon Sep 23 23:31:13 UTC 2013

===== ALIVE Mon Sep 23 23:46:13 UTC 2013

===== ALIVE Tue Sep 24 00:01:13 UTC 2013

===== ALIVE Tue Sep 24 00:16:14 UTC 2013

===== ALIVE Tue Sep 24 00:31:14 UTC 2013

===== ALIVE Tue Sep 24 00:46:15 UTC 2013

===== ALIVE Tue Sep 24 01:01:15 UTC 2013

===== ALIVE Tue Sep 24 01:16:15 UTC 2013

===== ALIVE Tue Sep 24 01:31:16 UTC 2013

===== ALIVE Tue Sep 24 01:46:16 UTC 2013

===== ALIVE Tue Sep 24 02:01:16 UTC 2013

===== ALIVE Tue Sep 24 02:16:16 UTC 2013

===== ALIVE Tue Sep 24 02:31:17 UTC 2013

===== ALIVE Tue Sep 24 02:46:17 UTC 2013

===== ALIVE Tue Sep 24 03:01:18 UTC 2013

===== ALIVE Tue Sep 24 03:16:18 UTC 2013

===== ALIVE Tue Sep 24 03:31:18 UTC 2013

===== ALIVE Tue Sep 24 03:46:18 UTC 2013

===== ALIVE Tue Sep 24 04:01:19 UTC 2013

===== ALIVE Tue Sep 24 04:16:19 UTC 2013

===== ALIVE Tue Sep 24 04:31:19 UTC 2013

===== ALIVE Tue Sep 24 04:46:20 UTC 2013

===== ALIVE Tue Sep 24 05:01:20 UTC 2013

===== ALIVE Tue Sep 24 05:16:21 UTC 2013

===== ALIVE Tue Sep 24 05:31:22 UTC 2013

===== ALIVE Tue Sep 24 05:46:22 UTC 2013

===== ALIVE Tue Sep 24 06:01:23 UTC 2013

===== ALIVE Tue Sep 24 06:16:23 UTC 2013

===== ALIVE Tue Sep 24 06:31:23 UTC 2013

===== ALIVE Tue Sep 24 06:46:24 UTC 2013

===== ALIVE Tue Sep 24 07:01:24 UTC 2013

===== ALIVE Tue Sep 24 07:16:24 UTC 2013

===== ALIVE Tue Sep 24 07:31:24 UTC 2013

===== ALIVE Tue Sep 24 07:46:25 UTC 2013

===== ALIVE Tue Sep 24 08:01:25 UTC 2013

===== ALIVE Tue Sep 24 08:16:26 UTC 2013

===== ALIVE Tue Sep 24 08:31:26 UTC 2013

===== ALIVE Tue Sep 24 08:46:26 UTC 2013

===== ALIVE Tue Sep 24 09:01:27 UTC 2013

===== ALIVE Tue Sep 24 09:16:27 UTC 2013

===== ALIVE Tue Sep 24 09:31:27 UTC 2013

===== ALIVE Tue Sep 24 09:46:27 UTC 2013

===== ALIVE Tue Sep 24 10:01:28 UTC 2013

===== ALIVE Tue Sep 24 10:16:28 UTC 2013

===== ALIVE Tue Sep 24 10:31:29 UTC 2013

===== ALIVE Tue Sep 24 10:46:29 UTC 2013

===== ALIVE Tue Sep 24 11:01:29 UTC 2013

===== ALIVE Tue Sep 24 11:16:29 UTC 2013

===== ALIVE Tue Sep 24 11:31:30 UTC 2013

===== ALIVE Tue Sep 24 11:46:30 UTC 2013

===== ALIVE Tue Sep 24 12:01:30 UTC 2013

===== ALIVE Tue Sep 24 12:16:30 UTC 2013

===== ALIVE Tue Sep 24 12:31:30 UTC 2013

===== ALIVE Tue Sep 24 12:46:31 UTC 2013

===== ALIVE Tue Sep 24 13:01:31 UTC 2013

===== ALIVE Tue Sep 24 13:16:31 UTC 2013

===== ALIVE Tue Sep 24 13:31:32 UTC 2013

===== ALIVE Tue Sep 24 13:46:32 UTC 2013

===== ALIVE Tue Sep 24 14:01:33 UTC 2013

===== ALIVE Tue Sep 24 14:16:33 UTC 2013

===== ALIVE Tue Sep 24 14:31:34 UTC 2013

===== ALIVE Tue Sep 24 14:46:34 UTC 2013

===== ALIVE Tue Sep 24 15:01:35 UTC 2013

===== ALIVE Tue Sep 24 15:16:35 UTC 2013

===== ALIVE Tue Sep 24 15:31:36 UTC 2013

===== ALIVE Tue Sep 24 15:46:36 UTC 2013

===== ALIVE Tue Sep 24 16:01:36 UTC 2013

===== ALIVE Tue Sep 24 16:16:36 UTC 2013

===== ALIVE Tue Sep 24 16:31:37 UTC 2013

===== ALIVE Tue Sep 24 16:46:38 UTC 2013

===== ALIVE Tue Sep 24 17:01:38 UTC 2013

===== ALIVE Tue Sep 24 17:16:39 UTC 2013

===== ALIVE Tue Sep 24 17:31:40 UTC 2013

===== ALIVE Tue Sep 24 17:46:40 UTC 2013

===== ALIVE Tue Sep 24 18:01:41 UTC 2013

===== ALIVE Tue Sep 24 18:16:41 UTC 2013

===== ALIVE Tue Sep 24 18:31:41 UTC 2013

===== ALIVE Tue Sep 24 18:46:42 UTC 2013

===== ALIVE Tue Sep 24 19:01:42 UTC 2013

===== ALIVE Tue Sep 24 19:16:42 UTC 2013

===== ALIVE Tue Sep 24 19:31:43 UTC 2013

===== ALIVE Tue Sep 24 19:46:43 UTC 2013

===== ALIVE Tue Sep 24 20:01:43 UTC 2013

===== ALIVE Tue Sep 24 20:16:43 UTC 2013

===== ALIVE Tue Sep 24 20:31:43 UTC 2013

===== ALIVE Tue Sep 24 20:46:44 UTC 2013

===== ALIVE Tue Sep 24 21:01:44 UTC 2013

===== ALIVE Tue Sep 24 21:16:44 UTC 2013

===== ALIVE Tue Sep 24 21:31:45 UTC 2013

===== ALIVE Tue Sep 24 21:46:45 UTC 2013

===== ALIVE Tue Sep 24 22:01:46 UTC 2013

===== ALIVE Tue Sep 24 22:16:46 UTC 2013

===== ALIVE Tue Sep 24 22:31:47 UTC 2013

===== ALIVE Tue Sep 24 22:46:47 UTC 2013

===== ALIVE Tue Sep 24 23:01:48 UTC 2013

===== ALIVE Tue Sep 24 23:16:48 UTC 2013

===== ALIVE Tue Sep 24 23:31:48 UTC 2013

===== ALIVE Tue Sep 24 23:46:49 UTC 2013

===== ALIVE Wed Sep 25 00:01:49 UTC 2013

===== ALIVE Wed Sep 25 00:16:49 UTC 2013

===== ALIVE Wed Sep 25 00:31:50 UTC 2013

===== ALIVE Wed Sep 25 00:46:50 UTC 2013

===== ALIVE Wed Sep 25 01:01:51 UTC 2013

===== ALIVE Wed Sep 25 01:16:51 UTC 2013

===== ALIVE Wed Sep 25 01:31:51 UTC 2013

===== ALIVE Wed Sep 25 01:46:52 UTC 2013

===== ALIVE Wed Sep 25 02:01:52 UTC 2013

===== ALIVE Wed Sep 25 02:16:53 UTC 2013

===== ALIVE Wed Sep 25 02:31:53 UTC 2013

===== ALIVE Wed Sep 25 02:46:53 UTC 2013

===== ALIVE Wed Sep 25 03:01:54 UTC 2013

===== ALIVE Wed Sep 25 03:16:54 UTC 2013

===== ALIVE Wed Sep 25 03:31:54 UTC 2013

===== ALIVE Wed Sep 25 03:46:54 UTC 2013

===== ALIVE Wed Sep 25 04:01:55 UTC 2013

===== ALIVE Wed Sep 25 04:16:55 UTC 2013

===== ALIVE Wed Sep 25 04:31:56 UTC 2013

===== ALIVE Wed Sep 25 04:46:56 UTC 2013

===== ALIVE Wed Sep 25 05:01:56 UTC 2013

===== ALIVE Wed Sep 25 05:16:57 UTC 2013

===== ALIVE Wed Sep 25 05:31:57 UTC 2013

===== ALIVE Wed Sep 25 05:46:57 UTC 2013

===== ALIVE Wed Sep 25 06:01:58 UTC 2013

===== ALIVE Wed Sep 25 06:16:59 UTC 2013

===== ALIVE Wed Sep 25 06:31:59 UTC 2013

===== ALIVE Wed Sep 25 06:46:59 UTC 2013

===== ALIVE Wed Sep 25 07:02:00 UTC 2013

===== ALIVE Wed Sep 25 07:17:00 UTC 2013

===== ALIVE Wed Sep 25 07:32:00 UTC 2013

===== ALIVE Wed Sep 25 07:47:00 UTC 2013

===== ALIVE Wed Sep 25 08:02:01 UTC 2013

===== ALIVE Wed Sep 25 08:17:01 UTC 2013

===== ALIVE Wed Sep 25 08:32:02 UTC 2013

===== ALIVE Wed Sep 25 08:47:02 UTC 2013

===== ALIVE Wed Sep 25 09:02:03 UTC 2013

===== ALIVE Wed Sep 25 09:17:03 UTC 2013

===== ALIVE Wed Sep 25 09:32:03 UTC 2013

===== ALIVE Wed Sep 25 09:47:04 UTC 2013

===== ALIVE Wed Sep 25 10:02:04 UTC 2013

===== ALIVE Wed Sep 25 10:17:04 UTC 2013

===== ALIVE Wed Sep 25 10:32:05 UTC 2013

===== ALIVE Wed Sep 25 10:47:05 UTC 2013

===== ALIVE Wed Sep 25 11:02:06 UTC 2013

===== ALIVE Wed Sep 25 11:17:06 UTC 2013

===== ALIVE Wed Sep 25 11:32:07 UTC 2013

===== ALIVE Wed Sep 25 11:47:07 UTC 2013

===== ALIVE Wed Sep 25 12:02:07 UTC 2013

===== ALIVE Wed Sep 25 12:17:08 UTC 2013

===== ALIVE Wed Sep 25 12:32:09 UTC 2013

===== ALIVE Wed Sep 25 12:47:09 UTC 2013
/usr/lib/riak/lib/os_mon-2.2.9/priv/bin/memsup: Erlang has closed. 
Erlang has closed

=====
===== LOGGING STARTED Wed Sep 25 12:50:26 UTC 2013
=====
Exec: /usr/lib/riak/erts-5.9.1/bin/erlexec -boot /usr/lib/riak/releases/1.3.2/riak             -embedded -config /etc/riak/app.config             -pa /usr/lib/riak/lib/basho-patches             -args_file /etc/riak/vm.args -- console
Root: /usr/lib/riak
Erlang R15B01 (erts-5.9.1) [source] [64-bit] [smp:8:8] [async-threads:64] [kernel-poll:true]

Eshell V5.9.1  (abort with ^G)
(riak@192.168.1.5)1> 
===== ALIVE Wed Sep 25 13:05:29 UTC 2013

===== ALIVE Wed Sep 25 13:20:29 UTC 2013

===== ALIVE Wed Sep 25 13:35:29 UTC 2013

===== ALIVE Wed Sep 25 13:50:30 UTC 2013

===== ALIVE Wed Sep 25 14:05:30 UTC 2013

===== ALIVE Wed Sep 25 14:20:30 UTC 2013

===== ALIVE Wed Sep 25 14:35:31 UTC 2013

===== ALIVE Wed Sep 25 14:50:32 UTC 2013

===== ALIVE Wed Sep 25 15:05:32 UTC 2013

===== ALIVE Wed Sep 25 15:20:32 UTC 2013

===== ALIVE Wed Sep 25 15:35:33 UTC 2013

===== ALIVE Wed Sep 25 15:50:33 UTC 2013

===== ALIVE Wed Sep 25 16:05:34 UTC 2013

===== ALIVE Wed Sep 25 16:20:34 UTC 2013
/usr/lib/riak/lib/os_mon-2.2.9/priv/bin/memsup: Erlang has closed. 
Erlang has closed

=====
===== LOGGING STARTED Wed Sep 25 16:20:45 UTC 2013
=====
Exec: /usr/lib/riak/erts-5.9.1/bin/erlexec -boot /usr/lib/riak/releases/1.3.2/riak             -embedded -config /etc/riak/app.config             -pa /usr/lib/riak/lib/basho-patches             -args_file /etc/riak/vm.args -- console
Root: /usr/lib/riak
Erlang R15B01 (erts-5.9.1) [source] [64-bit] [smp:8:8] [async-threads:64] [kernel-poll:true]

Eshell V5.9.1  (abort with ^G)
(riak@192.168.1.5)1> 
===== ALIVE Wed Sep 25 16:35:47 UTC 2013

===== ALIVE Wed Sep 25 16:50:48 UTC 2013

===== ALIVE Wed Sep 25 17:05:48 UTC 2013

===== ALIVE Wed Sep 25 17:20:48 UTC 2013

===== ALIVE Wed Sep 25 17:35:49 UTC 2013

===== ALIVE Wed Sep 25 17:50:49 UTC 2013

===== ALIVE Wed Sep 25 18:05:50 UTC 2013

===== ALIVE Wed Sep 25 18:20:50 UTC 2013

===== ALIVE Wed Sep 25 18:35:51 UTC 2013

===== ALIVE Wed Sep 25 18:50:51 UTC 2013

===== ALIVE Wed Sep 25 19:05:52 UTC 2013

===== ALIVE Wed Sep 25 19:20:52 UTC 2013

===== ALIVE Wed Sep 25 19:35:53 UTC 2013

===== ALIVE Wed Sep 25 19:50:53 UTC 2013

===== ALIVE Wed Sep 25 20:05:54 UTC 2013

===== ALIVE Wed Sep 25 20:20:54 UTC 2013

===== ALIVE Wed Sep 25 20:35:55 UTC 2013

===== ALIVE Wed Sep 25 20:50:55 UTC 2013

===== ALIVE Wed Sep 25 21:05:56 UTC 2013

===== ALIVE Wed Sep 25 21:20:56 UTC 2013

===== ALIVE Wed Sep 25 21:35:56 UTC 2013

===== ALIVE Wed Sep 25 21:50:57 UTC 2013

===== ALIVE Wed Sep 25 22:05:57 UTC 2013

===== ALIVE Wed Sep 25 22:20:58 UTC 2013

===== ALIVE Wed Sep 25 22:35:58 UTC 2013

===== ALIVE Wed Sep 25 22:50:59 UTC 2013

===== ALIVE Wed Sep 25 23:06:00 UTC 2013

===== ALIVE Wed Sep 25 23:21:00 UTC 2013

===== ALIVE Wed Sep 25 23:36:00 UTC 2013

===== ALIVE Wed Sep 25 23:51:01 UTC 2013

===== ALIVE Thu Sep 26 00:06:01 UTC 2013

===== ALIVE Thu Sep 26 00:21:01 UTC 2013

===== ALIVE Thu Sep 26 00:36:02 UTC 2013

===== ALIVE Thu Sep 26 00:51:03 UTC 2013

===== ALIVE Thu Sep 26 01:06:03 UTC 2013

===== ALIVE Thu Sep 26 01:21:03 UTC 2013

===== ALIVE Thu Sep 26 01:36:04 UTC 2013

===== ALIVE Thu Sep 26 01:51:04 UTC 2013

===== ALIVE Thu Sep 26 02:06:04 UTC 2013

===== ALIVE Thu Sep 26 02:21:04 UTC 2013

===== ALIVE Thu Sep 26 02:36:04 UTC 2013

===== ALIVE Thu Sep 26 02:51:04 UTC 2013

===== ALIVE Thu Sep 26 03:06:05 UTC 2013

===== ALIVE Thu Sep 26 03:21:05 UTC 2013

===== ALIVE Thu Sep 26 03:36:06 UTC 2013

===== ALIVE Thu Sep 26 03:51:06 UTC 2013

===== ALIVE Thu Sep 26 04:06:06 UTC 2013

===== ALIVE Thu Sep 26 04:21:07 UTC 2013

===== ALIVE Thu Sep 26 04:36:07 UTC 2013

===== ALIVE Thu Sep 26 04:51:08 UTC 2013

===== ALIVE Thu Sep 26 05:06:08 UTC 2013

===== ALIVE Thu Sep 26 05:21:09 UTC 2013

===== ALIVE Thu Sep 26 05:36:09 UTC 2013

===== ALIVE Thu Sep 26 05:51:09 UTC 2013

===== ALIVE Thu Sep 26 06:06:10 UTC 2013

===== ALIVE Thu Sep 26 06:21:10 UTC 2013

===== ALIVE Thu Sep 26 06:36:11 UTC 2013

===== ALIVE Thu Sep 26 06:51:11 UTC 2013

===== ALIVE Thu Sep 26 07:06:12 UTC 2013

===== ALIVE Thu Sep 26 07:21:12 UTC 2013

===== ALIVE Thu Sep 26 07:36:13 UTC 2013

===== ALIVE Thu Sep 26 07:51:13 UTC 2013

===== ALIVE Thu Sep 26 08:06:14 UTC 2013

===== ALIVE Thu Sep 26 08:21:15 UTC 2013

===== ALIVE Thu Sep 26 08:36:15 UTC 2013

===== ALIVE Thu Sep 26 08:51:15 UTC 2013

===== ALIVE Thu Sep 26 09:06:15 UTC 2013

===== ALIVE Thu Sep 26 09:21:16 UTC 2013

===== ALIVE Thu Sep 26 09:36:16 UTC 2013

===== ALIVE Thu Sep 26 09:51:17 UTC 2013

===== ALIVE Thu Sep 26 10:06:17 UTC 2013

===== ALIVE Thu Sep 26 10:21:18 UTC 2013

===== ALIVE Thu Sep 26 10:36:19 UTC 2013

===== ALIVE Thu Sep 26 10:51:19 UTC 2013

===== ALIVE Thu Sep 26 11:06:19 UTC 2013

===== ALIVE Thu Sep 26 11:21:20 UTC 2013

===== ALIVE Thu Sep 26 11:36:20 UTC 2013

===== ALIVE Thu Sep 26 11:51:21 UTC 2013

===== ALIVE Thu Sep 26 12:06:21 UTC 2013

===== ALIVE Thu Sep 26 12:21:22 UTC 2013

===== ALIVE Thu Sep 26 12:36:22 UTC 2013

===== ALIVE Thu Sep 26 12:51:22 UTC 2013

===== ALIVE Thu Sep 26 13:06:22 UTC 2013

===== ALIVE Thu Sep 26 13:21:23 UTC 2013

===== ALIVE Thu Sep 26 13:36:24 UTC 2013

===== ALIVE Thu Sep 26 13:51:24 UTC 2013

===== ALIVE Thu Sep 26 14:06:24 UTC 2013

===== ALIVE Thu Sep 26 14:21:25 UTC 2013

===== ALIVE Thu Sep 26 14:36:25 UTC 2013

===== ALIVE Thu Sep 26 14:51:25 UTC 2013

===== ALIVE Thu Sep 26 15:06:25 UTC 2013

===== ALIVE Thu Sep 26 15:21:26 UTC 2013

===== ALIVE Thu Sep 26 15:36:27 UTC 2013

===== ALIVE Thu Sep 26 15:51:28 UTC 2013

===== ALIVE Thu Sep 26 16:06:28 UTC 2013

===== ALIVE Thu Sep 26 16:21:29 UTC 2013

===== ALIVE Thu Sep 26 16:36:29 UTC 2013

===== ALIVE Thu Sep 26 16:51:30 UTC 2013

===== ALIVE Thu Sep 26 17:06:30 UTC 2013

===== ALIVE Thu Sep 26 17:21:31 UTC 2013

===== ALIVE Thu Sep 26 17:36:31 UTC 2013

===== ALIVE Thu Sep 26 17:51:32 UTC 2013

===== ALIVE Thu Sep 26 18:06:32 UTC 2013

===== ALIVE Thu Sep 26 18:21:33 UTC 2013

===== ALIVE Thu Sep 26 18:36:33 UTC 2013

===== ALIVE Thu Sep 26 18:51:34 UTC 2013

===== ALIVE Thu Sep 26 19:06:34 UTC 2013

===== ALIVE Thu Sep 26 19:21:35 UTC 2013

===== ALIVE Thu Sep 26 19:36:36 UTC 2013

===== ALIVE Thu Sep 26 19:51:36 UTC 2013

===== ALIVE Thu Sep 26 20:06:37 UTC 2013

===== ALIVE Thu Sep 26 20:21:37 UTC 2013

===== ALIVE Thu Sep 26 20:36:38 UTC 2013

===== ALIVE Thu Sep 26 20:51:38 UTC 2013

===== ALIVE Thu Sep 26 21:06:39 UTC 2013

===== ALIVE Thu Sep 26 21:21:40 UTC 2013

===== ALIVE Thu Sep 26 21:36:41 UTC 2013

===== ALIVE Thu Sep 26 21:51:41 UTC 2013

===== ALIVE Thu Sep 26 22:06:42 UTC 2013

===== ALIVE Thu Sep 26 22:21:42 UTC 2013

===== ALIVE Thu Sep 26 22:36:43 UTC 2013

===== ALIVE Thu Sep 26 22:51:43 UTC 2013

===== ALIVE Thu Sep 26 23:06:44 UTC 2013

===== ALIVE Thu Sep 26 23:21:44 UTC 2013

===== ALIVE Thu Sep 26 23:36:44 UTC 2013

===== ALIVE Thu Sep 26 23:51:44 UTC 2013

===== ALIVE Fri Sep 27 00:06:45 UTC 2013

===== ALIVE Fri Sep 27 00:21:45 UTC 2013

===== ALIVE Fri Sep 27 00:36:46 UTC 2013

===== ALIVE Fri Sep 27 00:51:46 UTC 2013

===== ALIVE Fri Sep 27 01:06:46 UTC 2013

===== ALIVE Fri Sep 27 01:21:47 UTC 2013

===== ALIVE Fri Sep 27 01:36:47 UTC 2013

===== ALIVE Fri Sep 27 01:51:47 UTC 2013

===== ALIVE Fri Sep 27 02:06:48 UTC 2013

===== ALIVE Fri Sep 27 02:21:48 UTC 2013

===== ALIVE Fri Sep 27 02:36:49 UTC 2013

===== ALIVE Fri Sep 27 02:51:49 UTC 2013

===== ALIVE Fri Sep 27 03:06:49 UTC 2013

===== ALIVE Fri Sep 27 03:21:50 UTC 2013

===== ALIVE Fri Sep 27 03:36:50 UTC 2013

===== ALIVE Fri Sep 27 03:51:50 UTC 2013

===== ALIVE Fri Sep 27 04:06:50 UTC 2013

===== ALIVE Fri Sep 27 04:21:50 UTC 2013

===== ALIVE Fri Sep 27 04:36:51 UTC 2013

===== ALIVE Fri Sep 27 04:51:51 UTC 2013

===== ALIVE Fri Sep 27 05:06:51 UTC 2013

===== ALIVE Fri Sep 27 05:21:52 UTC 2013

===== ALIVE Fri Sep 27 05:36:52 UTC 2013

===== ALIVE Fri Sep 27 05:51:52 UTC 2013

===== ALIVE Fri Sep 27 06:06:53 UTC 2013

===== ALIVE Fri Sep 27 06:21:53 UTC 2013

===== ALIVE Fri Sep 27 06:36:53 UTC 2013

===== ALIVE Fri Sep 27 06:51:53 UTC 2013

===== ALIVE Fri Sep 27 07:06:54 UTC 2013

===== ALIVE Fri Sep 27 07:21:54 UTC 2013

===== ALIVE Fri Sep 27 07:36:54 UTC 2013

===== ALIVE Fri Sep 27 07:51:54 UTC 2013

===== ALIVE Fri Sep 27 08:06:55 UTC 2013

===== ALIVE Fri Sep 27 08:21:55 UTC 2013

===== ALIVE Fri Sep 27 08:36:55 UTC 2013

===== ALIVE Fri Sep 27 08:51:56 UTC 2013

===== ALIVE Fri Sep 27 09:06:56 UTC 2013

===== ALIVE Fri Sep 27 09:21:56 UTC 2013

===== ALIVE Fri Sep 27 09:36:56 UTC 2013

===== ALIVE Fri Sep 27 09:51:57 UTC 2013

===== ALIVE Fri Sep 27 10:06:57 UTC 2013

===== ALIVE Fri Sep 27 10:21:57 UTC 2013

===== ALIVE Fri Sep 27 10:36:57 UTC 2013

===== ALIVE Fri Sep 27 10:51:58 UTC 2013

===== ALIVE Fri Sep 27 11:06:58 UTC 2013

===== ALIVE Fri Sep 27 11:21:58 UTC 2013

===== ALIVE Fri Sep 27 11:36:59 UTC 2013

===== ALIVE Fri Sep 27 11:51:59 UTC 2013

===== ALIVE Fri Sep 27 12:06:59 UTC 2013

===== ALIVE Fri Sep 27 12:22:00 UTC 2013

===== ALIVE Fri Sep 27 12:37:00 UTC 2013

===== ALIVE Fri Sep 27 12:52:00 UTC 2013

===== ALIVE Fri Sep 27 13:07:01 UTC 2013

===== ALIVE Fri Sep 27 13:22:01 UTC 2013

===== ALIVE Fri Sep 27 13:37:01 UTC 2013

===== ALIVE Fri Sep 27 13:52:02 UTC 2013

===== ALIVE Fri Sep 27 14:07:02 UTC 2013

===== ALIVE Fri Sep 27 14:22:02 UTC 2013

===== ALIVE Fri Sep 27 14:37:03 UTC 2013

===== ALIVE Fri Sep 27 14:52:03 UTC 2013

===== ALIVE Fri Sep 27 15:07:04 UTC 2013

===== ALIVE Fri Sep 27 15:22:05 UTC 2013

===== ALIVE Fri Sep 27 15:37:05 UTC 2013

===== ALIVE Fri Sep 27 15:52:06 UTC 2013

===== ALIVE Fri Sep 27 16:07:06 UTC 2013

===== ALIVE Fri Sep 27 16:22:06 UTC 2013

===== ALIVE Fri Sep 27 16:37:07 UTC 2013

===== ALIVE Fri Sep 27 16:52:07 UTC 2013

===== ALIVE Fri Sep 27 17:07:07 UTC 2013

===== ALIVE Fri Sep 27 17:22:08 UTC 2013

===== ALIVE Fri Sep 27 17:37:09 UTC 2013

===== ALIVE Fri Sep 27 17:52:09 UTC 2013

===== ALIVE Fri Sep 27 18:07:09 UTC 2013

===== ALIVE Fri Sep 27 18:22:09 UTC 2013

===== ALIVE Fri Sep 27 18:37:10 UTC 2013

===== ALIVE Fri Sep 27 18:52:11 UTC 2013

===== ALIVE Fri Sep 27 19:07:11 UTC 2013

===== ALIVE Fri Sep 27 19:22:11 UTC 2013

===== ALIVE Fri Sep 27 19:37:12 UTC 2013

===== ALIVE Fri Sep 27 19:52:12 UTC 2013

===== ALIVE Fri Sep 27 20:07:13 UTC 2013

===== ALIVE Fri Sep 27 20:22:13 UTC 2013

===== ALIVE Fri Sep 27 20:37:13 UTC 2013

===== ALIVE Fri Sep 27 20:52:14 UTC 2013

===== ALIVE Fri Sep 27 21:07:14 UTC 2013

===== ALIVE Fri Sep 27 21:22:15 UTC 2013

===== ALIVE Fri Sep 27 21:37:15 UTC 2013

===== ALIVE Fri Sep 27 21:52:15 UTC 2013

===== ALIVE Fri Sep 27 22:07:16 UTC 2013

===== ALIVE Fri Sep 27 22:22:16 UTC 2013

===== ALIVE Fri Sep 27 22:37:17 UTC 2013

===== ALIVE Fri Sep 27 22:52:17 UTC 2013

===== ALIVE Fri Sep 27 23:07:18 UTC 2013

===== ALIVE Fri Sep 27 23:22:18 UTC 2013

===== ALIVE Fri Sep 27 23:37:19 UTC 2013

===== ALIVE Fri Sep 27 23:52:20 UTC 2013

===== ALIVE Sat Sep 28 00:07:20 UTC 2013

===== ALIVE Sat Sep 28 00:22:21 UTC 2013

===== ALIVE Sat Sep 28 00:37:21 UTC 2013

===== ALIVE Sat Sep 28 00:52:22 UTC 2013

===== ALIVE Sat Sep 28 01:07:22 UTC 2013

===== ALIVE Sat Sep 28 01:22:22 UTC 2013

===== ALIVE Sat Sep 28 01:37:22 UTC 2013

===== ALIVE Sat Sep 28 01:52:23 UTC 2013

===== ALIVE Sat Sep 28 02:07:23 UTC 2013

===== ALIVE Sat Sep 28 02:22:23 UTC 2013

===== ALIVE Sat Sep 28 02:37:23 UTC 2013

===== ALIVE Sat Sep 28 02:52:24 UTC 2013

===== ALIVE Sat Sep 28 03:07:24 UTC 2013

===== ALIVE Sat Sep 28 03:22:24 UTC 2013

===== ALIVE Sat Sep 28 03:37:24 UTC 2013

===== ALIVE Sat Sep 28 03:52:25 UTC 2013

===== ALIVE Sat Sep 28 04:07:25 UTC 2013

===== ALIVE Sat Sep 28 04:22:25 UTC 2013

===== ALIVE Sat Sep 28 04:37:25 UTC 2013

===== ALIVE Sat Sep 28 04:52:26 UTC 2013

===== ALIVE Sat Sep 28 05:07:26 UTC 2013

===== ALIVE Sat Sep 28 05:22:27 UTC 2013

===== ALIVE Sat Sep 28 05:37:27 UTC 2013

===== ALIVE Sat Sep 28 05:52:27 UTC 2013

===== ALIVE Sat Sep 28 06:07:27 UTC 2013

===== ALIVE Sat Sep 28 06:22:28 UTC 2013

===== ALIVE Sat Sep 28 06:37:29 UTC 2013

===== ALIVE Sat Sep 28 06:52:29 UTC 2013

===== ALIVE Sat Sep 28 07:07:29 UTC 2013

===== ALIVE Sat Sep 28 07:22:29 UTC 2013

===== ALIVE Sat Sep 28 07:37:30 UTC 2013

===== ALIVE Sat Sep 28 07:52:30 UTC 2013

===== ALIVE Sat Sep 28 08:07:30 UTC 2013

===== ALIVE Sat Sep 28 08:22:30 UTC 2013

===== ALIVE Sat Sep 28 08:37:31 UTC 2013

===== ALIVE Sat Sep 28 08:52:31 UTC 2013

===== ALIVE Sat Sep 28 09:07:32 UTC 2013

===== ALIVE Sat Sep 28 09:22:32 UTC 2013

===== ALIVE Sat Sep 28 09:37:33 UTC 2013

===== ALIVE Sat Sep 28 09:52:33 UTC 2013

===== ALIVE Sat Sep 28 10:07:33 UTC 2013

===== ALIVE Sat Sep 28 10:22:33 UTC 2013

===== ALIVE Sat Sep 28 10:37:33 UTC 2013

===== ALIVE Sat Sep 28 10:52:34 UTC 2013

===== ALIVE Sat Sep 28 11:07:34 UTC 2013

===== ALIVE Sat Sep 28 11:22:34 UTC 2013

===== ALIVE Sat Sep 28 11:37:35 UTC 2013

===== ALIVE Sat Sep 28 11:52:35 UTC 2013

===== ALIVE Sat Sep 28 12:07:35 UTC 2013

===== ALIVE Sat Sep 28 12:22:36 UTC 2013

===== ALIVE Sat Sep 28 12:37:36 UTC 2013

===== ALIVE Sat Sep 28 12:52:36 UTC 2013

===== ALIVE Sat Sep 28 13:07:37 UTC 2013

===== ALIVE Sat Sep 28 13:22:37 UTC 2013

===== ALIVE Sat Sep 28 13:37:37 UTC 2013

===== ALIVE Sat Sep 28 13:52:37 UTC 2013

===== ALIVE Sat Sep 28 14:07:38 UTC 2013

===== ALIVE Sat Sep 28 14:22:38 UTC 2013

===== ALIVE Sat Sep 28 14:37:38 UTC 2013

===== ALIVE Sat Sep 28 14:52:38 UTC 2013

===== ALIVE Sat Sep 28 15:07:38 UTC 2013

===== ALIVE Sat Sep 28 15:22:39 UTC 2013

===== ALIVE Sat Sep 28 15:37:39 UTC 2013

===== ALIVE Sat Sep 28 15:52:40 UTC 2013

===== ALIVE Sat Sep 28 16:07:40 UTC 2013

===== ALIVE Sat Sep 28 16:22:41 UTC 2013

===== ALIVE Sat Sep 28 16:37:41 UTC 2013

===== ALIVE Sat Sep 28 16:52:42 UTC 2013

===== ALIVE Sat Sep 28 17:07:42 UTC 2013

===== ALIVE Sat Sep 28 17:22:42 UTC 2013

===== ALIVE Sat Sep 28 17:37:43 UTC 2013

===== ALIVE Sat Sep 28 17:52:43 UTC 2013

===== ALIVE Sat Sep 28 18:07:43 UTC 2013

===== ALIVE Sat Sep 28 18:22:44 UTC 2013

===== ALIVE Sat Sep 28 18:37:44 UTC 2013

===== ALIVE Sat Sep 28 18:52:44 UTC 2013

===== ALIVE Sat Sep 28 19:07:45 UTC 2013

===== ALIVE Sat Sep 28 19:22:45 UTC 2013

===== ALIVE Sat Sep 28 19:37:45 UTC 2013

===== ALIVE Sat Sep 28 19:52:45 UTC 2013

===== ALIVE Sat Sep 28 20:07:45 UTC 2013

===== ALIVE Sat Sep 28 20:22:46 UTC 2013

===== ALIVE Sat Sep 28 20:37:46 UTC 2013

===== ALIVE Sat Sep 28 20:52:47 UTC 2013

===== ALIVE Sat Sep 28 21:07:47 UTC 2013

===== ALIVE Sat Sep 28 21:22:48 UTC 2013

===== ALIVE Sat Sep 28 21:37:48 UTC 2013

===== ALIVE Sat Sep 28 21:52:49 UTC 2013

===== ALIVE Sat Sep 28 22:07:49 UTC 2013

===== ALIVE Sat Sep 28 22:22:49 UTC 2013

===== ALIVE Sat Sep 28 22:37:50 UTC 2013

===== ALIVE Sat Sep 28 22:52:50 UTC 2013

===== ALIVE Sat Sep 28 23:07:50 UTC 2013

===== ALIVE Sat Sep 28 23:22:51 UTC 2013

===== ALIVE Sat Sep 28 23:37:51 UTC 2013

===== ALIVE Sat Sep 28 23:52:52 UTC 2013

===== ALIVE Sun Sep 29 00:07:52 UTC 2013

===== ALIVE Sun Sep 29 00:22:52 UTC 2013

===== ALIVE Sun Sep 29 00:37:53 UTC 2013

===== ALIVE Sun Sep 29 00:52:53 UTC 2013

===== ALIVE Sun Sep 29 01:07:53 UTC 2013

===== ALIVE Sun Sep 29 01:22:54 UTC 2013

===== ALIVE Sun Sep 29 01:37:54 UTC 2013

===== ALIVE Sun Sep 29 01:52:55 UTC 2013

===== ALIVE Sun Sep 29 02:07:55 UTC 2013

===== ALIVE Sun Sep 29 02:22:55 UTC 2013

===== ALIVE Sun Sep 29 02:37:56 UTC 2013

===== ALIVE Sun Sep 29 02:52:56 UTC 2013

===== ALIVE Sun Sep 29 03:07:56 UTC 2013

===== ALIVE Sun Sep 29 03:22:56 UTC 2013

===== ALIVE Sun Sep 29 03:37:57 UTC 2013

===== ALIVE Sun Sep 29 03:52:57 UTC 2013

===== ALIVE Sun Sep 29 04:07:57 UTC 2013

===== ALIVE Sun Sep 29 04:22:57 UTC 2013

===== ALIVE Sun Sep 29 04:37:58 UTC 2013

===== ALIVE Sun Sep 29 04:52:58 UTC 2013

===== ALIVE Sun Sep 29 05:07:58 UTC 2013

===== ALIVE Sun Sep 29 05:22:58 UTC 2013

===== ALIVE Sun Sep 29 05:37:59 UTC 2013

===== ALIVE Sun Sep 29 05:52:59 UTC 2013

===== ALIVE Sun Sep 29 06:07:59 UTC 2013

===== ALIVE Sun Sep 29 06:22:59 UTC 2013

===== ALIVE Sun Sep 29 06:38:00 UTC 2013

===== ALIVE Sun Sep 29 06:53:00 UTC 2013

===== ALIVE Sun Sep 29 07:08:00 UTC 2013

===== ALIVE Sun Sep 29 07:23:00 UTC 2013

===== ALIVE Sun Sep 29 07:38:00 UTC 2013

===== ALIVE Sun Sep 29 07:53:00 UTC 2013

===== ALIVE Sun Sep 29 08:08:01 UTC 2013

===== ALIVE Sun Sep 29 08:23:02 UTC 2013

===== ALIVE Sun Sep 29 08:38:02 UTC 2013

===== ALIVE Sun Sep 29 08:53:02 UTC 2013

===== ALIVE Sun Sep 29 09:08:02 UTC 2013

===== ALIVE Sun Sep 29 09:23:03 UTC 2013

===== ALIVE Sun Sep 29 09:38:03 UTC 2013

===== ALIVE Sun Sep 29 09:53:04 UTC 2013

===== ALIVE Sun Sep 29 10:08:04 UTC 2013

===== ALIVE Sun Sep 29 10:23:05 UTC 2013

===== ALIVE Sun Sep 29 10:38:06 UTC 2013

===== ALIVE Sun Sep 29 10:53:06 UTC 2013

===== ALIVE Sun Sep 29 11:08:06 UTC 2013

===== ALIVE Sun Sep 29 11:23:07 UTC 2013

===== ALIVE Sun Sep 29 11:38:07 UTC 2013

===== ALIVE Sun Sep 29 11:53:07 UTC 2013

===== ALIVE Sun Sep 29 12:08:07 UTC 2013

===== ALIVE Sun Sep 29 12:23:07 UTC 2013

===== ALIVE Sun Sep 29 12:38:07 UTC 2013

===== ALIVE Sun Sep 29 12:53:08 UTC 2013

===== ALIVE Sun Sep 29 13:08:08 UTC 2013

===== ALIVE Sun Sep 29 13:23:09 UTC 2013

===== ALIVE Sun Sep 29 13:38:09 UTC 2013

===== ALIVE Sun Sep 29 13:53:10 UTC 2013

===== ALIVE Sun Sep 29 14:08:11 UTC 2013

===== ALIVE Sun Sep 29 14:23:11 UTC 2013

===== ALIVE Sun Sep 29 14:38:12 UTC 2013

===== ALIVE Sun Sep 29 14:53:12 UTC 2013

===== ALIVE Sun Sep 29 15:08:12 UTC 2013

===== ALIVE Sun Sep 29 15:23:13 UTC 2013

===== ALIVE Sun Sep 29 15:38:13 UTC 2013

===== ALIVE Sun Sep 29 15:53:13 UTC 2013

===== ALIVE Sun Sep 29 16:08:14 UTC 2013

===== ALIVE Sun Sep 29 16:23:14 UTC 2013

===== ALIVE Sun Sep 29 16:38:14 UTC 2013

===== ALIVE Sun Sep 29 16:53:15 UTC 2013

===== ALIVE Sun Sep 29 17:08:15 UTC 2013

===== ALIVE Sun Sep 29 17:23:15 UTC 2013

===== ALIVE Sun Sep 29 17:38:16 UTC 2013

===== ALIVE Sun Sep 29 17:53:18 UTC 2013

===== ALIVE Sun Sep 29 18:08:19 UTC 2013

===== ALIVE Sun Sep 29 18:23:19 UTC 2013

===== ALIVE Sun Sep 29 18:38:19 UTC 2013

===== ALIVE Sun Sep 29 18:53:19 UTC 2013

===== ALIVE Sun Sep 29 19:08:20 UTC 2013

===== ALIVE Sun Sep 29 19:23:21 UTC 2013

===== ALIVE Sun Sep 29 19:38:21 UTC 2013

===== ALIVE Sun Sep 29 19:53:21 UTC 2013

===== ALIVE Sun Sep 29 20:08:23 UTC 2013

===== ALIVE Sun Sep 29 20:23:23 UTC 2013

===== ALIVE Sun Sep 29 20:38:23 UTC 2013

===== ALIVE Sun Sep 29 20:53:23 UTC 2013

===== ALIVE Sun Sep 29 21:08:24 UTC 2013

===== ALIVE Sun Sep 29 21:23:24 UTC 2013

===== ALIVE Sun Sep 29 21:38:24 UTC 2013

===== ALIVE Sun Sep 29 21:53:24 UTC 2013

===== ALIVE Sun Sep 29 22:08:25 UTC 2013

===== ALIVE Sun Sep 29 22:23:25 UTC 2013

===== ALIVE Sun Sep 29 22:38:26 UTC 2013

===== ALIVE Sun Sep 29 22:53:26 UTC 2013

===== ALIVE Sun Sep 29 23:08:26 UTC 2013

===== ALIVE Sun Sep 29 23:23:27 UTC 2013

===== ALIVE Sun Sep 29 23:38:27 UTC 2013

===== ALIVE Sun Sep 29 23:53:27 UTC 2013

===== ALIVE Mon Sep 30 00:08:28 UTC 2013

===== ALIVE Mon Sep 30 00:23:28 UTC 2013

===== ALIVE Mon Sep 30 00:38:29 UTC 2013

===== ALIVE Mon Sep 30 00:53:29 UTC 2013

===== ALIVE Mon Sep 30 01:08:29 UTC 2013

===== ALIVE Mon Sep 30 01:23:30 UTC 2013

===== ALIVE Mon Sep 30 01:38:30 UTC 2013

===== ALIVE Mon Sep 30 01:53:30 UTC 2013

===== ALIVE Mon Sep 30 02:08:31 UTC 2013

===== ALIVE Mon Sep 30 02:23:31 UTC 2013

===== ALIVE Mon Sep 30 02:38:31 UTC 2013

===== ALIVE Mon Sep 30 02:53:32 UTC 2013

===== ALIVE Mon Sep 30 03:08:32 UTC 2013

===== ALIVE Mon Sep 30 03:23:33 UTC 2013

===== ALIVE Mon Sep 30 03:38:33 UTC 2013

===== ALIVE Mon Sep 30 03:53:34 UTC 2013

===== ALIVE Mon Sep 30 04:08:34 UTC 2013

===== ALIVE Mon Sep 30 04:23:35 UTC 2013

===== ALIVE Mon Sep 30 04:38:35 UTC 2013

===== ALIVE Mon Sep 30 04:53:36 UTC 2013

===== ALIVE Mon Sep 30 05:08:36 UTC 2013

===== ALIVE Mon Sep 30 05:23:37 UTC 2013

===== ALIVE Mon Sep 30 05:38:37 UTC 2013

===== ALIVE Mon Sep 30 05:53:37 UTC 2013

===== ALIVE Mon Sep 30 06:08:38 UTC 2013

===== ALIVE Mon Sep 30 06:23:38 UTC 2013

===== ALIVE Mon Sep 30 06:38:39 UTC 2013

===== ALIVE Mon Sep 30 06:53:39 UTC 2013

===== ALIVE Mon Sep 30 07:08:39 UTC 2013

===== ALIVE Mon Sep 30 07:23:40 UTC 2013

===== ALIVE Mon Sep 30 07:38:40 UTC 2013

===== ALIVE Mon Sep 30 07:53:41 UTC 2013

===== ALIVE Mon Sep 30 08:08:41 UTC 2013

===== ALIVE Mon Sep 30 08:23:42 UTC 2013

===== ALIVE Mon Sep 30 08:38:42 UTC 2013

===== ALIVE Mon Sep 30 08:53:43 UTC 2013

===== ALIVE Mon Sep 30 09:08:43 UTC 2013

===== ALIVE Mon Sep 30 09:23:43 UTC 2013

===== ALIVE Mon Sep 30 09:38:44 UTC 2013

===== ALIVE Mon Sep 30 09:53:44 UTC 2013

===== ALIVE Mon Sep 30 10:08:45 UTC 2013

===== ALIVE Mon Sep 30 10:23:46 UTC 2013

===== ALIVE Mon Sep 30 10:38:47 UTC 2013

===== ALIVE Mon Sep 30 10:53:47 UTC 2013

===== ALIVE Mon Sep 30 11:08:48 UTC 2013

===== ALIVE Mon Sep 30 11:23:48 UTC 2013

===== ALIVE Mon Sep 30 11:38:49 UTC 2013

===== ALIVE Mon Sep 30 11:53:49 UTC 2013

===== ALIVE Mon Sep 30 12:08:49 UTC 2013

===== ALIVE Mon Sep 30 12:23:50 UTC 2013

===== ALIVE Mon Sep 30 12:38:51 UTC 2013

===== ALIVE Mon Sep 30 12:53:51 UTC 2013

===== ALIVE Mon Sep 30 13:08:51 UTC 2013

===== ALIVE Mon Sep 30 13:23:52 UTC 2013

===== ALIVE Mon Sep 30 13:38:52 UTC 2013

===== ALIVE Mon Sep 30 13:53:52 UTC 2013

===== ALIVE Mon Sep 30 14:08:52 UTC 2013

===== ALIVE Mon Sep 30 14:23:53 UTC 2013

===== ALIVE Mon Sep 30 14:38:53 UTC 2013

===== ALIVE Mon Sep 30 14:53:54 UTC 2013

===== ALIVE Mon Sep 30 15:08:55 UTC 2013

===== ALIVE Mon Sep 30 15:23:55 UTC 2013

===== ALIVE Mon Sep 30 15:38:56 UTC 2013

===== ALIVE Mon Sep 30 15:53:56 UTC 2013

===== ALIVE Mon Sep 30 16:08:56 UTC 2013

===== ALIVE Mon Sep 30 16:23:57 UTC 2013

===== ALIVE Mon Sep 30 16:38:57 UTC 2013

===== ALIVE Mon Sep 30 16:53:57 UTC 2013

===== ALIVE Mon Sep 30 17:08:58 UTC 2013

===== ALIVE Mon Sep 30 17:23:59 UTC 2013

===== ALIVE Mon Sep 30 17:38:59 UTC 2013

===== ALIVE Mon Sep 30 17:53:59 UTC 2013

===== ALIVE Mon Sep 30 18:09:00 UTC 2013

===== ALIVE Mon Sep 30 18:24:00 UTC 2013

===== ALIVE Mon Sep 30 18:39:01 UTC 2013

===== ALIVE Mon Sep 30 18:54:01 UTC 2013

===== ALIVE Mon Sep 30 19:09:02 UTC 2013

===== ALIVE Mon Sep 30 19:24:02 UTC 2013

===== ALIVE Mon Sep 30 19:39:03 UTC 2013

===== ALIVE Mon Sep 30 19:54:03 UTC 2013

===== ALIVE Mon Sep 30 20:09:04 UTC 2013

===== ALIVE Mon Sep 30 20:24:04 UTC 2013

===== ALIVE Mon Sep 30 20:39:04 UTC 2013

===== ALIVE Mon Sep 30 20:54:05 UTC 2013

===== ALIVE Mon Sep 30 21:09:05 UTC 2013

===== ALIVE Mon Sep 30 21:24:05 UTC 2013

===== ALIVE Mon Sep 30 21:39:05 UTC 2013

===== ALIVE Mon Sep 30 21:54:06 UTC 2013

===== ALIVE Mon Sep 30 22:09:06 UTC 2013

===== ALIVE Mon Sep 30 22:24:07 UTC 2013

===== ALIVE Mon Sep 30 22:39:07 UTC 2013

===== ALIVE Mon Sep 30 22:54:07 UTC 2013

===== ALIVE Mon Sep 30 23:09:07 UTC 2013

===== ALIVE Mon Sep 30 23:24:07 UTC 2013

===== ALIVE Mon Sep 30 23:39:08 UTC 2013

===== ALIVE Mon Sep 30 23:54:08 UTC 2013

===== ALIVE Tue Oct  1 00:09:08 UTC 2013

===== ALIVE Tue Oct  1 00:24:09 UTC 2013

===== ALIVE Tue Oct  1 00:39:09 UTC 2013

===== ALIVE Tue Oct  1 00:54:09 UTC 2013

===== ALIVE Tue Oct  1 01:09:09 UTC 2013

===== ALIVE Tue Oct  1 01:24:10 UTC 2013

===== ALIVE Tue Oct  1 01:39:10 UTC 2013

===== ALIVE Tue Oct  1 01:54:11 UTC 2013

===== ALIVE Tue Oct  1 02:09:11 UTC 2013

===== ALIVE Tue Oct  1 02:24:11 UTC 2013

===== ALIVE Tue Oct  1 02:39:11 UTC 2013

===== ALIVE Tue Oct  1 02:54:12 UTC 2013

===== ALIVE Tue Oct  1 03:09:12 UTC 2013

===== ALIVE Tue Oct  1 03:24:12 UTC 2013

===== ALIVE Tue Oct  1 03:39:13 UTC 2013

===== ALIVE Tue Oct  1 03:54:13 UTC 2013

===== ALIVE Tue Oct  1 04:09:14 UTC 2013

===== ALIVE Tue Oct  1 04:24:14 UTC 2013

===== ALIVE Tue Oct  1 04:39:14 UTC 2013

===== ALIVE Tue Oct  1 04:54:15 UTC 2013

===== ALIVE Tue Oct  1 05:09:15 UTC 2013

===== ALIVE Tue Oct  1 05:24:16 UTC 2013

===== ALIVE Tue Oct  1 05:39:16 UTC 2013

===== ALIVE Tue Oct  1 05:54:16 UTC 2013

===== ALIVE Tue Oct  1 06:09:17 UTC 2013

===== ALIVE Tue Oct  1 06:24:17 UTC 2013

===== ALIVE Tue Oct  1 06:39:17 UTC 2013

===== ALIVE Tue Oct  1 06:54:18 UTC 2013

===== ALIVE Tue Oct  1 07:09:18 UTC 2013

===== ALIVE Tue Oct  1 07:24:18 UTC 2013

===== ALIVE Tue Oct  1 07:39:18 UTC 2013

===== ALIVE Tue Oct  1 07:54:19 UTC 2013

===== ALIVE Tue Oct  1 08:09:19 UTC 2013

===== ALIVE Tue Oct  1 08:24:19 UTC 2013

===== ALIVE Tue Oct  1 08:39:19 UTC 2013

===== ALIVE Tue Oct  1 08:54:20 UTC 2013

===== ALIVE Tue Oct  1 09:09:20 UTC 2013

===== ALIVE Tue Oct  1 09:24:20 UTC 2013

===== ALIVE Tue Oct  1 09:39:20 UTC 2013

===== ALIVE Tue Oct  1 09:54:21 UTC 2013

===== ALIVE Tue Oct  1 10:09:21 UTC 2013

===== ALIVE Tue Oct  1 10:24:21 UTC 2013

===== ALIVE Tue Oct  1 10:39:21 UTC 2013

===== ALIVE Tue Oct  1 10:54:22 UTC 2013

===== ALIVE Tue Oct  1 11:09:22 UTC 2013

===== ALIVE Tue Oct  1 11:24:23 UTC 2013

===== ALIVE Tue Oct  1 11:39:23 UTC 2013

===== ALIVE Tue Oct  1 11:54:23 UTC 2013

===== ALIVE Tue Oct  1 12:09:23 UTC 2013

===== ALIVE Tue Oct  1 12:24:24 UTC 2013

===== ALIVE Tue Oct  1 12:39:24 UTC 2013

===== ALIVE Tue Oct  1 12:54:24 UTC 2013

===== ALIVE Tue Oct  1 13:09:24 UTC 2013

===== ALIVE Tue Oct  1 13:24:25 UTC 2013

===== ALIVE Tue Oct  1 13:39:25 UTC 2013

===== ALIVE Tue Oct  1 13:54:26 UTC 2013

===== ALIVE Tue Oct  1 14:09:26 UTC 2013

===== ALIVE Tue Oct  1 14:24:27 UTC 2013

===== ALIVE Tue Oct  1 14:39:27 UTC 2013

===== ALIVE Tue Oct  1 14:54:27 UTC 2013

===== ALIVE Tue Oct  1 15:09:28 UTC 2013

===== ALIVE Tue Oct  1 15:24:28 UTC 2013

===== ALIVE Tue Oct  1 15:39:29 UTC 2013

===== ALIVE Tue Oct  1 15:54:29 UTC 2013

===== ALIVE Tue Oct  1 16:09:29 UTC 2013

===== ALIVE Tue Oct  1 16:24:29 UTC 2013

===== ALIVE Tue Oct  1 16:39:29 UTC 2013

===== ALIVE Tue Oct  1 16:54:30 UTC 2013

===== ALIVE Tue Oct  1 17:09:30 UTC 2013

===== ALIVE Tue Oct  1 17:24:30 UTC 2013

===== ALIVE Tue Oct  1 17:39:31 UTC 2013

===== ALIVE Tue Oct  1 17:54:31 UTC 2013

===== ALIVE Tue Oct  1 18:09:31 UTC 2013

===== ALIVE Tue Oct  1 18:24:32 UTC 2013

===== ALIVE Tue Oct  1 18:39:32 UTC 2013

===== ALIVE Tue Oct  1 18:54:32 UTC 2013

===== ALIVE Tue Oct  1 19:09:33 UTC 2013

===== ALIVE Tue Oct  1 19:24:33 UTC 2013

===== ALIVE Tue Oct  1 19:39:33 UTC 2013

===== ALIVE Tue Oct  1 19:54:33 UTC 2013

===== ALIVE Tue Oct  1 20:09:34 UTC 2013

===== ALIVE Tue Oct  1 20:24:34 UTC 2013

===== ALIVE Tue Oct  1 20:39:34 UTC 2013

===== ALIVE Tue Oct  1 20:54:35 UTC 2013

===== ALIVE Tue Oct  1 21:09:35 UTC 2013

===== ALIVE Tue Oct  1 21:24:36 UTC 2013

===== ALIVE Tue Oct  1 21:39:36 UTC 2013

===== ALIVE Tue Oct  1 21:54:36 UTC 2013

===== ALIVE Tue Oct  1 22:09:37 UTC 2013

===== ALIVE Tue Oct  1 22:24:37 UTC 2013

===== ALIVE Tue Oct  1 22:39:37 UTC 2013

===== ALIVE Tue Oct  1 22:54:37 UTC 2013

===== ALIVE Tue Oct  1 23:09:38 UTC 2013

===== ALIVE Tue Oct  1 23:24:38 UTC 2013

===== ALIVE Tue Oct  1 23:39:38 UTC 2013

===== ALIVE Tue Oct  1 23:54:38 UTC 2013

===== ALIVE Wed Oct  2 00:09:38 UTC 2013

===== ALIVE Wed Oct  2 00:24:39 UTC 2013

===== ALIVE Wed Oct  2 00:39:39 UTC 2013

===== ALIVE Wed Oct  2 00:54:39 UTC 2013

===== ALIVE Wed Oct  2 01:09:39 UTC 2013

===== ALIVE Wed Oct  2 01:24:40 UTC 2013

===== ALIVE Wed Oct  2 01:39:40 UTC 2013

===== ALIVE Wed Oct  2 01:54:41 UTC 2013

===== ALIVE Wed Oct  2 02:09:41 UTC 2013

===== ALIVE Wed Oct  2 02:24:41 UTC 2013

===== ALIVE Wed Oct  2 02:39:42 UTC 2013

===== ALIVE Wed Oct  2 02:54:42 UTC 2013

===== ALIVE Wed Oct  2 03:09:42 UTC 2013

===== ALIVE Wed Oct  2 03:24:42 UTC 2013

===== ALIVE Wed Oct  2 03:39:43 UTC 2013

===== ALIVE Wed Oct  2 03:54:43 UTC 2013

===== ALIVE Wed Oct  2 04:09:43 UTC 2013

===== ALIVE Wed Oct  2 04:24:44 UTC 2013

===== ALIVE Wed Oct  2 04:39:44 UTC 2013

===== ALIVE Wed Oct  2 04:54:45 UTC 2013

===== ALIVE Wed Oct  2 05:09:45 UTC 2013

===== ALIVE Wed Oct  2 05:24:45 UTC 2013

===== ALIVE Wed Oct  2 05:39:46 UTC 2013

===== ALIVE Wed Oct  2 05:54:46 UTC 2013

===== ALIVE Wed Oct  2 06:09:47 UTC 2013

===== ALIVE Wed Oct  2 06:24:47 UTC 2013

===== ALIVE Wed Oct  2 06:39:47 UTC 2013

===== ALIVE Wed Oct  2 06:54:48 UTC 2013

===== ALIVE Wed Oct  2 07:09:48 UTC 2013

===== ALIVE Wed Oct  2 07:24:49 UTC 2013

===== ALIVE Wed Oct  2 07:39:49 UTC 2013

===== ALIVE Wed Oct  2 07:54:49 UTC 2013

===== ALIVE Wed Oct  2 08:09:49 UTC 2013

===== ALIVE Wed Oct  2 08:24:50 UTC 2013

===== ALIVE Wed Oct  2 08:39:50 UTC 2013

===== ALIVE Wed Oct  2 08:54:50 UTC 2013

===== ALIVE Wed Oct  2 09:09:51 UTC 2013

===== ALIVE Wed Oct  2 09:24:51 UTC 2013

===== ALIVE Wed Oct  2 09:39:51 UTC 2013

===== ALIVE Wed Oct  2 09:54:51 UTC 2013

===== ALIVE Wed Oct  2 10:09:51 UTC 2013

===== ALIVE Wed Oct  2 10:24:52 UTC 2013

===== ALIVE Wed Oct  2 10:39:52 UTC 2013

===== ALIVE Wed Oct  2 10:54:52 UTC 2013

===== ALIVE Wed Oct  2 11:09:53 UTC 2013

===== ALIVE Wed Oct  2 11:24:53 UTC 2013

===== ALIVE Wed Oct  2 11:39:53 UTC 2013

===== ALIVE Wed Oct  2 11:54:53 UTC 2013

===== ALIVE Wed Oct  2 12:09:53 UTC 2013

===== ALIVE Wed Oct  2 12:24:54 UTC 2013

===== ALIVE Wed Oct  2 12:39:54 UTC 2013

===== ALIVE Wed Oct  2 12:54:55 UTC 2013

===== ALIVE Wed Oct  2 13:09:55 UTC 2013

===== ALIVE Wed Oct  2 13:24:55 UTC 2013

===== ALIVE Wed Oct  2 13:39:56 UTC 2013

===== ALIVE Wed Oct  2 13:54:56 UTC 2013

===== ALIVE Wed Oct  2 14:09:56 UTC 2013

===== ALIVE Wed Oct  2 14:24:57 UTC 2013

===== ALIVE Wed Oct  2 14:39:57 UTC 2013

===== ALIVE Wed Oct  2 14:54:57 UTC 2013

===== ALIVE Wed Oct  2 15:09:57 UTC 2013

===== ALIVE Wed Oct  2 15:24:58 UTC 2013

===== ALIVE Wed Oct  2 15:39:58 UTC 2013

===== ALIVE Wed Oct  2 15:54:58 UTC 2013

===== ALIVE Wed Oct  2 16:09:58 UTC 2013

===== ALIVE Wed Oct  2 16:24:58 UTC 2013

===== ALIVE Wed Oct  2 16:39:59 UTC 2013

===== ALIVE Wed Oct  2 16:54:59 UTC 2013

===== ALIVE Wed Oct  2 17:10:00 UTC 2013

===== ALIVE Wed Oct  2 17:25:01 UTC 2013

===== ALIVE Wed Oct  2 17:40:01 UTC 2013

===== ALIVE Wed Oct  2 17:55:01 UTC 2013

===== ALIVE Wed Oct  2 18:10:01 UTC 2013

===== ALIVE Wed Oct  2 18:25:02 UTC 2013

===== ALIVE Wed Oct  2 18:40:02 UTC 2013

===== ALIVE Wed Oct  2 18:55:02 UTC 2013

===== ALIVE Wed Oct  2 19:10:02 UTC 2013

===== ALIVE Wed Oct  2 19:25:03 UTC 2013

===== ALIVE Wed Oct  2 19:40:04 UTC 2013

===== ALIVE Wed Oct  2 19:55:04 UTC 2013

===== ALIVE Wed Oct  2 20:10:05 UTC 2013

===== ALIVE Wed Oct  2 20:25:05 UTC 2013

===== ALIVE Wed Oct  2 20:40:05 UTC 2013

===== ALIVE Wed Oct  2 20:55:06 UTC 2013

===== ALIVE Wed Oct  2 21:10:06 UTC 2013

===== ALIVE Wed Oct  2 21:25:06 UTC 2013

===== ALIVE Wed Oct  2 21:40:06 UTC 2013

===== ALIVE Wed Oct  2 21:55:07 UTC 2013

===== ALIVE Wed Oct  2 22:10:07 UTC 2013

===== ALIVE Wed Oct  2 22:25:07 UTC 2013

===== ALIVE Wed Oct  2 22:40:07 UTC 2013

===== ALIVE Wed Oct  2 22:55:08 UTC 2013

===== ALIVE Wed Oct  2 23:10:08 UTC 2013

===== ALIVE Wed Oct  2 23:25:08 UTC 2013

===== ALIVE Wed Oct  2 23:40:08 UTC 2013

===== ALIVE Wed Oct  2 23:55:09 UTC 2013

===== ALIVE Thu Oct  3 00:10:09 UTC 2013

===== ALIVE Thu Oct  3 00:25:09 UTC 2013

===== ALIVE Thu Oct  3 00:40:09 UTC 2013

===== ALIVE Thu Oct  3 00:55:09 UTC 2013

===== ALIVE Thu Oct  3 01:10:09 UTC 2013

===== ALIVE Thu Oct  3 01:25:10 UTC 2013

===== ALIVE Thu Oct  3 01:40:10 UTC 2013

===== ALIVE Thu Oct  3 01:55:11 UTC 2013

===== ALIVE Thu Oct  3 02:10:11 UTC 2013

===== ALIVE Thu Oct  3 02:25:11 UTC 2013

===== ALIVE Thu Oct  3 02:40:12 UTC 2013

===== ALIVE Thu Oct  3 02:55:12 UTC 2013

===== ALIVE Thu Oct  3 03:10:12 UTC 2013

===== ALIVE Thu Oct  3 03:25:12 UTC 2013

===== ALIVE Thu Oct  3 03:40:13 UTC 2013

===== ALIVE Thu Oct  3 03:55:13 UTC 2013

===== ALIVE Thu Oct  3 04:10:13 UTC 2013

===== ALIVE Thu Oct  3 04:25:13 UTC 2013

===== ALIVE Thu Oct  3 04:40:13 UTC 2013

===== ALIVE Thu Oct  3 04:55:13 UTC 2013

===== ALIVE Thu Oct  3 05:10:14 UTC 2013

===== ALIVE Thu Oct  3 05:25:14 UTC 2013

===== ALIVE Thu Oct  3 05:40:14 UTC 2013

===== ALIVE Thu Oct  3 05:55:15 UTC 2013

===== ALIVE Thu Oct  3 06:10:15 UTC 2013

===== ALIVE Thu Oct  3 06:25:16 UTC 2013

===== ALIVE Thu Oct  3 06:40:16 UTC 2013

===== ALIVE Thu Oct  3 06:55:17 UTC 2013

===== ALIVE Thu Oct  3 07:10:17 UTC 2013

===== ALIVE Thu Oct  3 07:25:17 UTC 2013

===== ALIVE Thu Oct  3 07:40:18 UTC 2013

===== ALIVE Thu Oct  3 07:55:18 UTC 2013

===== ALIVE Thu Oct  3 08:10:18 UTC 2013

===== ALIVE Thu Oct  3 08:25:18 UTC 2013

===== ALIVE Thu Oct  3 08:40:19 UTC 2013

===== ALIVE Thu Oct  3 08:55:20 UTC 2013

===== ALIVE Thu Oct  3 09:10:20 UTC 2013

===== ALIVE Thu Oct  3 09:25:20 UTC 2013

===== ALIVE Thu Oct  3 09:40:21 UTC 2013

===== ALIVE Thu Oct  3 09:55:22 UTC 2013

===== ALIVE Thu Oct  3 10:10:22 UTC 2013

===== ALIVE Thu Oct  3 10:25:22 UTC 2013

===== ALIVE Thu Oct  3 10:40:23 UTC 2013

===== ALIVE Thu Oct  3 10:55:23 UTC 2013

===== ALIVE Thu Oct  3 11:10:24 UTC 2013

===== ALIVE Thu Oct  3 11:25:24 UTC 2013

===== ALIVE Thu Oct  3 11:40:24 UTC 2013

===== ALIVE Thu Oct  3 11:55:25 UTC 2013

===== ALIVE Thu Oct  3 12:10:25 UTC 2013

===== ALIVE Thu Oct  3 12:25:26 UTC 2013

===== ALIVE Thu Oct  3 12:40:26 UTC 2013

===== ALIVE Thu Oct  3 12:55:27 UTC 2013

===== ALIVE Thu Oct  3 13:10:27 UTC 2013

===== ALIVE Thu Oct  3 13:25:27 UTC 2013

===== ALIVE Thu Oct  3 13:40:28 UTC 2013

===== ALIVE Thu Oct  3 13:55:28 UTC 2013

===== ALIVE Thu Oct  3 14:10:29 UTC 2013

===== ALIVE Thu Oct  3 14:25:29 UTC 2013

===== ALIVE Thu Oct  3 14:40:29 UTC 2013

===== ALIVE Thu Oct  3 14:55:30 UTC 2013

===== ALIVE Thu Oct  3 15:10:30 UTC 2013

===== ALIVE Thu Oct  3 15:25:31 UTC 2013

===== ALIVE Thu Oct  3 15:40:31 UTC 2013

===== ALIVE Thu Oct  3 15:55:31 UTC 2013

===== ALIVE Thu Oct  3 16:10:31 UTC 2013

===== ALIVE Thu Oct  3 16:25:32 UTC 2013

===== ALIVE Thu Oct  3 16:40:32 UTC 2013

===== ALIVE Thu Oct  3 16:55:32 UTC 2013

===== ALIVE Thu Oct  3 17:10:33 UTC 2013

===== ALIVE Thu Oct  3 17:25:33 UTC 2013

===== ALIVE Thu Oct  3 17:40:33 UTC 2013

===== ALIVE Thu Oct  3 17:55:33 UTC 2013

===== ALIVE Thu Oct  3 18:10:34 UTC 2013

===== ALIVE Thu Oct  3 18:25:34 UTC 2013

===== ALIVE Thu Oct  3 18:40:34 UTC 2013

===== ALIVE Thu Oct  3 18:55:35 UTC 2013

===== ALIVE Thu Oct  3 19:10:35 UTC 2013

===== ALIVE Thu Oct  3 19:25:36 UTC 2013

===== ALIVE Thu Oct  3 19:40:36 UTC 2013

===== ALIVE Thu Oct  3 19:55:37 UTC 2013

===== ALIVE Thu Oct  3 20:10:37 UTC 2013

===== ALIVE Thu Oct  3 20:25:37 UTC 2013

===== ALIVE Thu Oct  3 20:40:37 UTC 2013

===== ALIVE Thu Oct  3 20:55:38 UTC 2013

===== ALIVE Thu Oct  3 21:10:38 UTC 2013

===== ALIVE Thu Oct  3 21:25:39 UTC 2013

===== ALIVE Thu Oct  3 21:40:39 UTC 2013

===== ALIVE Thu Oct  3 21:55:39 UTC 2013

===== ALIVE Thu Oct  3 22:10:40 UTC 2013

===== ALIVE Thu Oct  3 22:25:40 UTC 2013

===== ALIVE Thu Oct  3 22:40:41 UTC 2013

===== ALIVE Thu Oct  3 22:55:41 UTC 2013

===== ALIVE Thu Oct  3 23:10:41 UTC 2013

===== ALIVE Thu Oct  3 23:25:42 UTC 2013

===== ALIVE Thu Oct  3 23:40:43 UTC 2013

===== ALIVE Thu Oct  3 23:55:43 UTC 2013

===== ALIVE Fri Oct  4 00:10:43 UTC 2013

===== ALIVE Fri Oct  4 00:25:43 UTC 2013

===== ALIVE Fri Oct  4 00:40:44 UTC 2013

===== ALIVE Fri Oct  4 00:55:44 UTC 2013

===== ALIVE Fri Oct  4 01:10:44 UTC 2013

===== ALIVE Fri Oct  4 01:25:44 UTC 2013

===== ALIVE Fri Oct  4 01:40:44 UTC 2013

===== ALIVE Fri Oct  4 01:55:45 UTC 2013

===== ALIVE Fri Oct  4 02:10:45 UTC 2013

===== ALIVE Fri Oct  4 02:25:45 UTC 2013

===== ALIVE Fri Oct  4 02:40:46 UTC 2013

===== ALIVE Fri Oct  4 02:55:46 UTC 2013

===== ALIVE Fri Oct  4 03:10:46 UTC 2013

===== ALIVE Fri Oct  4 03:25:46 UTC 2013

===== ALIVE Fri Oct  4 03:40:46 UTC 2013

===== ALIVE Fri Oct  4 03:55:46 UTC 2013

===== ALIVE Fri Oct  4 04:10:47 UTC 2013

===== ALIVE Fri Oct  4 04:25:47 UTC 2013

===== ALIVE Fri Oct  4 04:40:47 UTC 2013

===== ALIVE Fri Oct  4 04:55:47 UTC 2013

===== ALIVE Fri Oct  4 05:10:48 UTC 2013

===== ALIVE Fri Oct  4 05:25:48 UTC 2013

===== ALIVE Fri Oct  4 05:40:48 UTC 2013

===== ALIVE Fri Oct  4 05:55:49 UTC 2013

===== ALIVE Fri Oct  4 06:10:49 UTC 2013

===== ALIVE Fri Oct  4 06:25:50 UTC 2013

===== ALIVE Fri Oct  4 06:40:50 UTC 2013

===== ALIVE Fri Oct  4 06:55:51 UTC 2013

===== ALIVE Fri Oct  4 07:10:52 UTC 2013

===== ALIVE Fri Oct  4 07:25:52 UTC 2013

===== ALIVE Fri Oct  4 07:40:52 UTC 2013

===== ALIVE Fri Oct  4 07:55:52 UTC 2013

===== ALIVE Fri Oct  4 08:10:52 UTC 2013

===== ALIVE Fri Oct  4 08:25:53 UTC 2013

===== ALIVE Fri Oct  4 08:40:53 UTC 2013

===== ALIVE Fri Oct  4 08:55:53 UTC 2013

===== ALIVE Fri Oct  4 09:10:53 UTC 2013

===== ALIVE Fri Oct  4 09:25:54 UTC 2013

===== ALIVE Fri Oct  4 09:40:54 UTC 2013

===== ALIVE Fri Oct  4 09:55:54 UTC 2013

===== ALIVE Fri Oct  4 10:10:55 UTC 2013

===== ALIVE Fri Oct  4 10:25:56 UTC 2013

===== ALIVE Fri Oct  4 10:40:56 UTC 2013

===== ALIVE Fri Oct  4 10:55:57 UTC 2013

===== ALIVE Fri Oct  4 11:10:57 UTC 2013

===== ALIVE Fri Oct  4 11:25:57 UTC 2013

===== ALIVE Fri Oct  4 11:40:57 UTC 2013

===== ALIVE Fri Oct  4 11:55:58 UTC 2013

===== ALIVE Fri Oct  4 12:10:58 UTC 2013

===== ALIVE Fri Oct  4 12:25:59 UTC 2013

===== ALIVE Fri Oct  4 12:40:59 UTC 2013

===== ALIVE Fri Oct  4 12:56:00 UTC 2013

===== ALIVE Fri Oct  4 13:11:00 UTC 2013

===== ALIVE Fri Oct  4 13:26:01 UTC 2013

===== ALIVE Fri Oct  4 13:41:01 UTC 2013

===== ALIVE Fri Oct  4 13:56:02 UTC 2013

===== ALIVE Fri Oct  4 14:11:03 UTC 2013

===== ALIVE Fri Oct  4 14:26:03 UTC 2013

===== ALIVE Fri Oct  4 14:41:04 UTC 2013

===== ALIVE Fri Oct  4 14:56:05 UTC 2013

===== ALIVE Fri Oct  4 15:11:05 UTC 2013

===== ALIVE Fri Oct  4 15:26:06 UTC 2013

===== ALIVE Fri Oct  4 15:41:06 UTC 2013

===== ALIVE Fri Oct  4 15:56:06 UTC 2013

===== ALIVE Fri Oct  4 16:11:07 UTC 2013

===== ALIVE Fri Oct  4 16:26:07 UTC 2013

===== ALIVE Fri Oct  4 16:41:07 UTC 2013

===== ALIVE Fri Oct  4 16:56:07 UTC 2013

===== ALIVE Fri Oct  4 17:11:08 UTC 2013

===== ALIVE Fri Oct  4 17:26:08 UTC 2013

===== ALIVE Fri Oct  4 17:41:09 UTC 2013

===== ALIVE Fri Oct  4 17:56:09 UTC 2013

===== ALIVE Fri Oct  4 18:11:10 UTC 2013

===== ALIVE Fri Oct  4 18:26:10 UTC 2013

===== ALIVE Fri Oct  4 18:41:11 UTC 2013

===== ALIVE Fri Oct  4 18:56:12 UTC 2013

===== ALIVE Fri Oct  4 19:11:12 UTC 2013

===== ALIVE Fri Oct  4 19:26:12 UTC 2013

===== ALIVE Fri Oct  4 19:41:13 UTC 2013

===== ALIVE Fri Oct  4 19:56:13 UTC 2013

===== ALIVE Fri Oct  4 20:11:13 UTC 2013

===== ALIVE Fri Oct  4 20:26:14 UTC 2013

===== ALIVE Fri Oct  4 20:41:14 UTC 2013

===== ALIVE Fri Oct  4 20:56:15 UTC 2013

===== ALIVE Fri Oct  4 21:11:16 UTC 2013

===== ALIVE Fri Oct  4 21:26:16 UTC 2013

===== ALIVE Fri Oct  4 21:41:17 UTC 2013

===== ALIVE Fri Oct  4 21:56:17 UTC 2013

===== ALIVE Fri Oct  4 22:11:18 UTC 2013

===== ALIVE Fri Oct  4 22:26:18 UTC 2013

===== ALIVE Fri Oct  4 22:41:18 UTC 2013

===== ALIVE Fri Oct  4 22:56:18 UTC 2013

===== ALIVE Fri Oct  4 23:11:18 UTC 2013

===== ALIVE Fri Oct  4 23:26:19 UTC 2013

===== ALIVE Fri Oct  4 23:41:19 UTC 2013

===== ALIVE Fri Oct  4 23:56:20 UTC 2013

===== ALIVE Sat Oct  5 00:11:21 UTC 2013

===== ALIVE Sat Oct  5 00:26:21 UTC 2013

===== ALIVE Sat Oct  5 00:41:22 UTC 2013

===== ALIVE Sat Oct  5 00:56:22 UTC 2013

===== ALIVE Sat Oct  5 01:11:22 UTC 2013

===== ALIVE Sat Oct  5 01:26:23 UTC 2013

===== ALIVE Sat Oct  5 01:41:23 UTC 2013

===== ALIVE Sat Oct  5 01:56:24 UTC 2013

===== ALIVE Sat Oct  5 02:11:24 UTC 2013

===== ALIVE Sat Oct  5 02:26:25 UTC 2013

===== ALIVE Sat Oct  5 02:41:25 UTC 2013

===== ALIVE Sat Oct  5 02:56:26 UTC 2013

===== ALIVE Sat Oct  5 03:11:26 UTC 2013

===== ALIVE Sat Oct  5 03:26:27 UTC 2013

===== ALIVE Sat Oct  5 03:41:27 UTC 2013

===== ALIVE Sat Oct  5 03:56:27 UTC 2013

===== ALIVE Sat Oct  5 04:11:27 UTC 2013

===== ALIVE Sat Oct  5 04:26:28 UTC 2013

===== ALIVE Sat Oct  5 04:41:29 UTC 2013

===== ALIVE Sat Oct  5 04:56:29 UTC 2013

===== ALIVE Sat Oct  5 05:11:30 UTC 2013

===== ALIVE Sat Oct  5 05:26:30 UTC 2013

===== ALIVE Sat Oct  5 05:41:31 UTC 2013

===== ALIVE Sat Oct  5 05:56:31 UTC 2013

===== ALIVE Sat Oct  5 06:11:32 UTC 2013

===== ALIVE Sat Oct  5 06:26:32 UTC 2013

===== ALIVE Sat Oct  5 06:41:32 UTC 2013

===== ALIVE Sat Oct  5 06:56:32 UTC 2013

===== ALIVE Sat Oct  5 07:11:33 UTC 2013

===== ALIVE Sat Oct  5 07:26:33 UTC 2013

===== ALIVE Sat Oct  5 07:41:33 UTC 2013

===== ALIVE Sat Oct  5 07:56:34 UTC 2013

===== ALIVE Sat Oct  5 08:11:35 UTC 2013

===== ALIVE Sat Oct  5 08:26:35 UTC 2013

===== ALIVE Sat Oct  5 08:41:36 UTC 2013

===== ALIVE Sat Oct  5 08:56:37 UTC 2013

===== ALIVE Sat Oct  5 09:11:37 UTC 2013

===== ALIVE Sat Oct  5 09:26:37 UTC 2013

===== ALIVE Sat Oct  5 09:41:38 UTC 2013

===== ALIVE Sat Oct  5 09:56:38 UTC 2013

===== ALIVE Sat Oct  5 10:11:38 UTC 2013

===== ALIVE Sat Oct  5 10:26:39 UTC 2013

===== ALIVE Sat Oct  5 10:41:39 UTC 2013

===== ALIVE Sat Oct  5 10:56:40 UTC 2013

===== ALIVE Sat Oct  5 11:11:41 UTC 2013

===== ALIVE Sat Oct  5 11:26:41 UTC 2013

===== ALIVE Sat Oct  5 11:41:42 UTC 2013

===== ALIVE Sat Oct  5 11:56:42 UTC 2013

===== ALIVE Sat Oct  5 12:11:42 UTC 2013

===== ALIVE Sat Oct  5 12:26:42 UTC 2013

===== ALIVE Sat Oct  5 12:41:44 UTC 2013

===== ALIVE Sat Oct  5 12:56:44 UTC 2013

===== ALIVE Sat Oct  5 13:11:44 UTC 2013

===== ALIVE Sat Oct  5 13:26:44 UTC 2013

===== ALIVE Sat Oct  5 13:41:45 UTC 2013

===== ALIVE Sat Oct  5 13:56:46 UTC 2013

===== ALIVE Sat Oct  5 14:11:46 UTC 2013

===== ALIVE Sat Oct  5 14:26:47 UTC 2013

===== ALIVE Sat Oct  5 14:41:47 UTC 2013

===== ALIVE Sat Oct  5 14:56:48 UTC 2013

===== ALIVE Sat Oct  5 15:11:48 UTC 2013

===== ALIVE Sat Oct  5 15:26:49 UTC 2013

===== ALIVE Sat Oct  5 15:41:50 UTC 2013

===== ALIVE Sat Oct  5 15:56:50 UTC 2013

===== ALIVE Sat Oct  5 16:11:51 UTC 2013

===== ALIVE Sat Oct  5 16:26:51 UTC 2013

===== ALIVE Sat Oct  5 16:41:52 UTC 2013

===== ALIVE Sat Oct  5 16:56:52 UTC 2013

===== ALIVE Sat Oct  5 17:11:52 UTC 2013

===== ALIVE Sat Oct  5 17:26:53 UTC 2013

===== ALIVE Sat Oct  5 17:41:54 UTC 2013

===== ALIVE Sat Oct  5 17:56:55 UTC 2013

===== ALIVE Sat Oct  5 18:11:55 UTC 2013

===== ALIVE Sat Oct  5 18:26:56 UTC 2013

===== ALIVE Sat Oct  5 18:41:57 UTC 2013

===== ALIVE Sat Oct  5 18:56:57 UTC 2013

===== ALIVE Sat Oct  5 19:11:57 UTC 2013

===== ALIVE Sat Oct  5 19:26:58 UTC 2013

===== ALIVE Sat Oct  5 19:41:58 UTC 2013

===== ALIVE Sat Oct  5 19:56:58 UTC 2013

===== ALIVE Sat Oct  5 20:11:59 UTC 2013

===== ALIVE Sat Oct  5 20:26:59 UTC 2013

===== ALIVE Sat Oct  5 20:42:00 UTC 2013

===== ALIVE Sat Oct  5 20:57:01 UTC 2013

===== ALIVE Sat Oct  5 21:12:01 UTC 2013

===== ALIVE Sat Oct  5 21:27:02 UTC 2013

===== ALIVE Sat Oct  5 21:42:02 UTC 2013

===== ALIVE Sat Oct  5 21:57:02 UTC 2013

===== ALIVE Sat Oct  5 22:12:02 UTC 2013

===== ALIVE Sat Oct  5 22:27:04 UTC 2013

===== ALIVE Sat Oct  5 22:42:04 UTC 2013

===== ALIVE Sat Oct  5 22:57:04 UTC 2013

===== ALIVE Sat Oct  5 23:12:04 UTC 2013

===== ALIVE Sat Oct  5 23:27:05 UTC 2013

===== ALIVE Sat Oct  5 23:42:05 UTC 2013

===== ALIVE Sat Oct  5 23:57:07 UTC 2013

===== ALIVE Sun Oct  6 00:12:07 UTC 2013

===== ALIVE Sun Oct  6 00:27:07 UTC 2013

===== ALIVE Sun Oct  6 00:42:07 UTC 2013

===== ALIVE Sun Oct  6 00:57:07 UTC 2013

===== ALIVE Sun Oct  6 01:12:08 UTC 2013

===== ALIVE Sun Oct  6 01:27:08 UTC 2013

===== ALIVE Sun Oct  6 01:42:08 UTC 2013

===== ALIVE Sun Oct  6 01:57:08 UTC 2013

===== ALIVE Sun Oct  6 02:12:09 UTC 2013

===== ALIVE Sun Oct  6 02:27:09 UTC 2013

===== ALIVE Sun Oct  6 02:42:10 UTC 2013

===== ALIVE Sun Oct  6 02:57:10 UTC 2013

===== ALIVE Sun Oct  6 03:12:11 UTC 2013

===== ALIVE Sun Oct  6 03:27:11 UTC 2013

===== ALIVE Sun Oct  6 03:42:11 UTC 2013

===== ALIVE Sun Oct  6 03:57:12 UTC 2013

===== ALIVE Sun Oct  6 04:12:12 UTC 2013

===== ALIVE Sun Oct  6 04:27:12 UTC 2013

===== ALIVE Sun Oct  6 04:42:13 UTC 2013

===== ALIVE Sun Oct  6 04:57:13 UTC 2013

===== ALIVE Sun Oct  6 05:12:13 UTC 2013

===== ALIVE Sun Oct  6 05:27:13 UTC 2013

===== ALIVE Sun Oct  6 05:42:13 UTC 2013

===== ALIVE Sun Oct  6 05:57:14 UTC 2013

===== ALIVE Sun Oct  6 06:12:14 UTC 2013

===== ALIVE Sun Oct  6 06:27:15 UTC 2013

===== ALIVE Sun Oct  6 06:42:15 UTC 2013

===== ALIVE Sun Oct  6 06:57:15 UTC 2013

===== ALIVE Sun Oct  6 07:12:16 UTC 2013

===== ALIVE Sun Oct  6 07:27:16 UTC 2013

===== ALIVE Sun Oct  6 07:42:16 UTC 2013

===== ALIVE Sun Oct  6 07:57:17 UTC 2013

===== ALIVE Sun Oct  6 08:12:17 UTC 2013

===== ALIVE Sun Oct  6 08:27:17 UTC 2013

===== ALIVE Sun Oct  6 08:42:18 UTC 2013

===== ALIVE Sun Oct  6 08:57:19 UTC 2013

===== ALIVE Sun Oct  6 09:12:19 UTC 2013

===== ALIVE Sun Oct  6 09:27:19 UTC 2013

===== ALIVE Sun Oct  6 09:42:20 UTC 2013

===== ALIVE Sun Oct  6 09:57:20 UTC 2013

===== ALIVE Sun Oct  6 10:12:21 UTC 2013

===== ALIVE Sun Oct  6 10:27:21 UTC 2013

===== ALIVE Sun Oct  6 10:42:21 UTC 2013

===== ALIVE Sun Oct  6 10:57:22 UTC 2013

===== ALIVE Sun Oct  6 11:12:22 UTC 2013

===== ALIVE Sun Oct  6 11:27:23 UTC 2013

===== ALIVE Sun Oct  6 11:42:23 UTC 2013

===== ALIVE Sun Oct  6 11:57:23 UTC 2013

===== ALIVE Sun Oct  6 12:12:24 UTC 2013

===== ALIVE Sun Oct  6 12:27:24 UTC 2013

===== ALIVE Sun Oct  6 12:42:24 UTC 2013

===== ALIVE Sun Oct  6 12:57:24 UTC 2013

===== ALIVE Sun Oct  6 13:12:24 UTC 2013

===== ALIVE Sun Oct  6 13:27:25 UTC 2013

===== ALIVE Sun Oct  6 13:42:25 UTC 2013

===== ALIVE Sun Oct  6 13:57:25 UTC 2013

===== ALIVE Sun Oct  6 14:12:25 UTC 2013

===== ALIVE Sun Oct  6 14:27:26 UTC 2013

===== ALIVE Sun Oct  6 14:42:26 UTC 2013

===== ALIVE Sun Oct  6 14:57:27 UTC 2013

===== ALIVE Sun Oct  6 15:12:27 UTC 2013

===== ALIVE Sun Oct  6 15:27:27 UTC 2013

===== ALIVE Sun Oct  6 15:42:27 UTC 2013

===== ALIVE Sun Oct  6 15:57:28 UTC 2013

===== ALIVE Sun Oct  6 16:12:28 UTC 2013

===== ALIVE Sun Oct  6 16:27:29 UTC 2013

===== ALIVE Sun Oct  6 16:42:29 UTC 2013

===== ALIVE Sun Oct  6 16:57:30 UTC 2013

===== ALIVE Sun Oct  6 17:12:30 UTC 2013

===== ALIVE Sun Oct  6 17:27:31 UTC 2013

===== ALIVE Sun Oct  6 17:42:31 UTC 2013

===== ALIVE Sun Oct  6 17:57:31 UTC 2013

===== ALIVE Sun Oct  6 18:12:32 UTC 2013

===== ALIVE Sun Oct  6 18:27:32 UTC 2013

===== ALIVE Sun Oct  6 18:42:32 UTC 2013

===== ALIVE Sun Oct  6 18:57:33 UTC 2013

===== ALIVE Sun Oct  6 19:12:33 UTC 2013

===== ALIVE Sun Oct  6 19:27:33 UTC 2013

===== ALIVE Sun Oct  6 19:42:34 UTC 2013

===== ALIVE Sun Oct  6 19:57:34 UTC 2013

===== ALIVE Sun Oct  6 20:12:35 UTC 2013

===== ALIVE Sun Oct  6 20:27:35 UTC 2013

===== ALIVE Sun Oct  6 20:42:36 UTC 2013

===== ALIVE Sun Oct  6 20:57:36 UTC 2013

===== ALIVE Sun Oct  6 21:12:37 UTC 2013

===== ALIVE Sun Oct  6 21:27:37 UTC 2013

===== ALIVE Sun Oct  6 21:42:37 UTC 2013

===== ALIVE Sun Oct  6 21:57:38 UTC 2013

===== ALIVE Sun Oct  6 22:12:38 UTC 2013

===== ALIVE Sun Oct  6 22:27:38 UTC 2013

===== ALIVE Sun Oct  6 22:42:39 UTC 2013

===== ALIVE Sun Oct  6 22:57:39 UTC 2013

===== ALIVE Sun Oct  6 23:12:40 UTC 2013

===== ALIVE Sun Oct  6 23:27:40 UTC 2013

===== ALIVE Sun Oct  6 23:42:40 UTC 2013

===== ALIVE Sun Oct  6 23:57:41 UTC 2013

===== ALIVE Mon Oct  7 00:12:41 UTC 2013

===== ALIVE Mon Oct  7 00:27:41 UTC 2013

===== ALIVE Mon Oct  7 00:42:42 UTC 2013

===== ALIVE Mon Oct  7 00:57:42 UTC 2013

===== ALIVE Mon Oct  7 01:12:42 UTC 2013

===== ALIVE Mon Oct  7 01:27:42 UTC 2013

===== ALIVE Mon Oct  7 01:42:42 UTC 2013

===== ALIVE Mon Oct  7 01:57:42 UTC 2013

===== ALIVE Mon Oct  7 02:12:43 UTC 2013

===== ALIVE Mon Oct  7 02:27:43 UTC 2013

===== ALIVE Mon Oct  7 02:42:43 UTC 2013

===== ALIVE Mon Oct  7 02:57:44 UTC 2013

===== ALIVE Mon Oct  7 03:12:44 UTC 2013

===== ALIVE Mon Oct  7 03:27:45 UTC 2013

===== ALIVE Mon Oct  7 03:42:45 UTC 2013

===== ALIVE Mon Oct  7 03:57:46 UTC 2013

===== ALIVE Mon Oct  7 04:12:46 UTC 2013

===== ALIVE Mon Oct  7 04:27:47 UTC 2013

===== ALIVE Mon Oct  7 04:42:47 UTC 2013

===== ALIVE Mon Oct  7 04:57:47 UTC 2013

===== ALIVE Mon Oct  7 05:12:47 UTC 2013

===== ALIVE Mon Oct  7 05:27:48 UTC 2013

===== ALIVE Mon Oct  7 05:42:48 UTC 2013

===== ALIVE Mon Oct  7 05:57:48 UTC 2013

===== ALIVE Mon Oct  7 06:12:48 UTC 2013

===== ALIVE Mon Oct  7 06:27:49 UTC 2013

===== ALIVE Mon Oct  7 06:42:49 UTC 2013

===== ALIVE Mon Oct  7 06:57:50 UTC 2013

===== ALIVE Mon Oct  7 07:12:50 UTC 2013

===== ALIVE Mon Oct  7 07:27:51 UTC 2013

===== ALIVE Mon Oct  7 07:42:51 UTC 2013

===== ALIVE Mon Oct  7 07:57:52 UTC 2013

===== ALIVE Mon Oct  7 08:12:52 UTC 2013

===== ALIVE Mon Oct  7 08:27:53 UTC 2013

===== ALIVE Mon Oct  7 08:42:53 UTC 2013

===== ALIVE Mon Oct  7 08:57:54 UTC 2013

===== ALIVE Mon Oct  7 09:12:54 UTC 2013

===== ALIVE Mon Oct  7 09:27:54 UTC 2013

===== ALIVE Mon Oct  7 09:42:55 UTC 2013

===== ALIVE Mon Oct  7 09:57:55 UTC 2013

===== ALIVE Mon Oct  7 10:12:56 UTC 2013

===== ALIVE Mon Oct  7 10:27:56 UTC 2013

===== ALIVE Mon Oct  7 10:42:57 UTC 2013

===== ALIVE Mon Oct  7 10:57:58 UTC 2013

===== ALIVE Mon Oct  7 11:12:58 UTC 2013

===== ALIVE Mon Oct  7 11:27:58 UTC 2013

===== ALIVE Mon Oct  7 11:42:59 UTC 2013

===== ALIVE Mon Oct  7 11:58:00 UTC 2013

===== ALIVE Mon Oct  7 12:13:00 UTC 2013

===== ALIVE Mon Oct  7 12:28:00 UTC 2013

===== ALIVE Mon Oct  7 12:43:01 UTC 2013

===== ALIVE Mon Oct  7 12:58:01 UTC 2013

===== ALIVE Mon Oct  7 13:13:01 UTC 2013

===== ALIVE Mon Oct  7 13:28:02 UTC 2013

===== ALIVE Mon Oct  7 13:43:02 UTC 2013

===== ALIVE Mon Oct  7 13:58:03 UTC 2013

===== ALIVE Mon Oct  7 14:13:04 UTC 2013

===== ALIVE Mon Oct  7 14:28:04 UTC 2013

===== ALIVE Mon Oct  7 14:43:04 UTC 2013

===== ALIVE Mon Oct  7 14:58:04 UTC 2013

===== ALIVE Mon Oct  7 15:13:04 UTC 2013

===== ALIVE Mon Oct  7 15:28:05 UTC 2013

===== ALIVE Mon Oct  7 15:43:05 UTC 2013

===== ALIVE Mon Oct  7 15:58:06 UTC 2013

===== ALIVE Mon Oct  7 16:13:06 UTC 2013

===== ALIVE Mon Oct  7 16:28:06 UTC 2013

===== ALIVE Mon Oct  7 16:43:07 UTC 2013

===== ALIVE Mon Oct  7 16:58:07 UTC 2013

===== ALIVE Mon Oct  7 17:13:08 UTC 2013

===== ALIVE Mon Oct  7 17:28:08 UTC 2013

===== ALIVE Mon Oct  7 17:43:09 UTC 2013

===== ALIVE Mon Oct  7 17:58:10 UTC 2013

===== ALIVE Mon Oct  7 18:13:11 UTC 2013

===== ALIVE Mon Oct  7 18:28:11 UTC 2013

===== ALIVE Mon Oct  7 18:43:12 UTC 2013

===== ALIVE Mon Oct  7 18:58:13 UTC 2013

===== ALIVE Mon Oct  7 19:13:13 UTC 2013

===== ALIVE Mon Oct  7 19:28:14 UTC 2013

===== ALIVE Mon Oct  7 19:43:14 UTC 2013

===== ALIVE Mon Oct  7 19:58:14 UTC 2013

===== ALIVE Mon Oct  7 20:13:15 UTC 2013

===== ALIVE Mon Oct  7 20:28:15 UTC 2013

===== ALIVE Mon Oct  7 20:43:16 UTC 2013

===== ALIVE Mon Oct  7 20:58:16 UTC 2013

===== ALIVE Mon Oct  7 21:13:16 UTC 2013

===== ALIVE Mon Oct  7 21:28:16 UTC 2013

===== ALIVE Mon Oct  7 21:43:17 UTC 2013

===== ALIVE Mon Oct  7 21:58:18 UTC 2013

===== ALIVE Mon Oct  7 22:13:18 UTC 2013

===== ALIVE Mon Oct  7 22:28:19 UTC 2013

===== ALIVE Mon Oct  7 22:43:20 UTC 2013

===== ALIVE Mon Oct  7 22:58:20 UTC 2013

===== ALIVE Mon Oct  7 23:13:21 UTC 2013

===== ALIVE Mon Oct  7 23:28:21 UTC 2013

===== ALIVE Mon Oct  7 23:43:21 UTC 2013

===== ALIVE Mon Oct  7 23:58:22 UTC 2013

===== ALIVE Tue Oct  8 00:13:22 UTC 2013

===== ALIVE Tue Oct  8 00:28:22 UTC 2013

===== ALIVE Tue Oct  8 00:43:23 UTC 2013

===== ALIVE Tue Oct  8 00:58:23 UTC 2013

===== ALIVE Tue Oct  8 01:13:23 UTC 2013

===== ALIVE Tue Oct  8 01:28:24 UTC 2013

===== ALIVE Tue Oct  8 01:43:24 UTC 2013

===== ALIVE Tue Oct  8 01:58:25 UTC 2013

===== ALIVE Tue Oct  8 02:13:26 UTC 2013

===== ALIVE Tue Oct  8 02:28:26 UTC 2013

===== ALIVE Tue Oct  8 02:43:26 UTC 2013

===== ALIVE Tue Oct  8 02:58:27 UTC 2013

===== ALIVE Tue Oct  8 03:13:27 UTC 2013

===== ALIVE Tue Oct  8 03:28:27 UTC 2013

===== ALIVE Tue Oct  8 03:43:28 UTC 2013

===== ALIVE Tue Oct  8 03:58:28 UTC 2013

===== ALIVE Tue Oct  8 04:13:28 UTC 2013

===== ALIVE Tue Oct  8 04:28:28 UTC 2013

===== ALIVE Tue Oct  8 04:43:28 UTC 2013

===== ALIVE Tue Oct  8 04:58:28 UTC 2013

===== ALIVE Tue Oct  8 05:13:29 UTC 2013

===== ALIVE Tue Oct  8 05:28:30 UTC 2013

===== ALIVE Tue Oct  8 05:43:30 UTC 2013

===== ALIVE Tue Oct  8 05:58:31 UTC 2013

===== ALIVE Tue Oct  8 06:13:31 UTC 2013

===== ALIVE Tue Oct  8 06:28:32 UTC 2013

===== ALIVE Tue Oct  8 06:43:32 UTC 2013

===== ALIVE Tue Oct  8 06:58:32 UTC 2013

===== ALIVE Tue Oct  8 07:13:32 UTC 2013

===== ALIVE Tue Oct  8 07:28:33 UTC 2013

===== ALIVE Tue Oct  8 07:43:33 UTC 2013

===== ALIVE Tue Oct  8 07:58:33 UTC 2013

===== ALIVE Tue Oct  8 08:13:34 UTC 2013

===== ALIVE Tue Oct  8 08:28:34 UTC 2013

===== ALIVE Tue Oct  8 08:43:34 UTC 2013

===== ALIVE Tue Oct  8 08:58:35 UTC 2013

===== ALIVE Tue Oct  8 09:13:35 UTC 2013

===== ALIVE Tue Oct  8 09:28:35 UTC 2013

===== ALIVE Tue Oct  8 09:43:36 UTC 2013

===== ALIVE Tue Oct  8 09:58:36 UTC 2013

===== ALIVE Tue Oct  8 10:13:36 UTC 2013

===== ALIVE Tue Oct  8 10:28:36 UTC 2013

===== ALIVE Tue Oct  8 10:43:37 UTC 2013

===== ALIVE Tue Oct  8 10:58:37 UTC 2013

===== ALIVE Tue Oct  8 11:13:37 UTC 2013

===== ALIVE Tue Oct  8 11:28:37 UTC 2013

===== ALIVE Tue Oct  8 11:43:37 UTC 2013

===== ALIVE Tue Oct  8 11:58:38 UTC 2013

===== ALIVE Tue Oct  8 12:13:38 UTC 2013
